[+] Containers:
 |- [+] Container: /Game/Maps/Sandbox
 |   |- [+] ActorDescs:
 |   |   |- Guid:05F02FCB47E2B376AEB16C844B482C65 BaseClass: NativeClass:/Script/Engine.StaticMeshActor Name:StaticMeshActor_UAID_5811228F7DE10CBB01_1447490755 Label:Cylinder11 SpatiallyLoaded:1 Bounds:IsValid=true, Min=(X=5100.000 Y=1130.000 Z=0.000), Max=(X=5200.000 Y=1230.000 Z=200.000) RuntimeGrid:None EditorOnly:0 RuntimeOnly:0 HLODRelevant:0
 |   |   |- Guid:09ED420041A93D2D70668CA71AC46BCE BaseClass: NativeClass:/Script/Engine.StaticMeshActor Name:StaticMeshActor_UAID_5811228F7DE10CBB01_1425515748 Label:Cylinder4 SpatiallyLoaded:1 Bounds:IsValid=true, Min=(X=3720.000 Y=1780.000 Z=0.000), Max=(X=3820.000 Y=1880.000 Z=200.000) RuntimeGrid:None EditorOnly:0 RuntimeOnly:0 HLODRelevant:0
 |   |   |- Guid:0ABFC2084B3F993319249B9534E0BB8C BaseClass: NativeClass:/Script/Engine.StaticMeshActor Name:StaticMeshActor_UAID_5811228F7DE10CBB01_1433915751 Label:Cylinder7 SpatiallyLoaded:1 Bounds:IsValid=true, Min=(X=3660.000 Y=1240.000 Z=0.000), Max=(X=3760.000 Y=1340.000 Z=200.000) RuntimeGrid:None EditorOnly:0 RuntimeOnly:0 HLODRelevant:0
 |   |   |- Guid:0D1D4F1A48A9DA60D58E79AEED0A6B05 BaseClass:/Game/Enemies/Turtle/BP_Turtle.BP_Turtle_C NativeClass:/Script/Engine.Character Name:BP_Turtle_C_UAID_5811228F7DE103BB01_1203694164 Label:BP_Turtle7 SpatiallyLoaded:1 Bounds:IsValid=true, Min=(X=5392.409 Y=1186.000 Z=0.000), Max=(X=5464.000 Y=1254.000 Z=183.336) RuntimeGrid:None EditorOnly:0 RuntimeOnly:0 HLODRelevant:0
 |   |   |- Guid:0E04D9F5417EA8980498E5868B9A547B BaseClass:/Game/Items/Skills/Parentss/BP_PickupSkill.BP_PickupSkill_C NativeClass:/Script/Engine.Actor Name:BP_PickupSkill_C_UAID_C8D9D2230E93C8BE01_1365415000 Label:BP_PickupSkill3 SpatiallyLoaded:1 Bounds:IsValid=true, Min=(X=860.126 Y=1195.251 Z=20.126), Max=(X=919.874 Y=1244.749 Z=79.874) RuntimeGrid:None EditorOnly:0 RuntimeOnly:0 HLODRelevant:0
 |   |   |- Guid:1606073B45C0C8398E231A9BFF32D3C4 BaseClass: NativeClass:/Script/NavigationSystem.RecastNavMesh Name:RecastNavMesh_UAID_C8D9D2230D04BBB501-Default Label:RecastNavMesh-Default SpatiallyLoaded:0 Bounds:IsValid=true, Min=(X=0.000 Y=0.000 Z=0.000), Max=(X=0.000 Y=0.000 Z=0.000) RuntimeGrid:None EditorOnly:0 RuntimeOnly:0 HLODRelevant:0
 |   |   |- Guid:1A789DC8415097E9856E5DB60740F01D BaseClass: NativeClass:/Script/Engine.StaticMeshActor Name:StaticMeshActor_34 Label:SM_QuarterCylinder13 SpatiallyLoaded:1 Bounds:IsValid=true, Min=(X=2000.000 Y=500.000 Z=0.000), Max=(X=2200.000 Y=700.000 Z=100.000) RuntimeGrid:None EditorOnly:0 RuntimeOnly:0 HLODRelevant:1 FolderPath:Cylinder FolderGuid:D075E5BA49330D3EC2503D81A7CF88D1
 |   |   |- Guid:2010E8D24A43A2A4CD98A0BB0CB3F0A2 BaseClass: NativeClass:/Script/Engine.StaticMeshActor Name:StaticMeshActor_UAID_5811228F7DE10CBB01_1457836756 Label:Cylinder12 SpatiallyLoaded:1 Bounds:IsValid=true, Min=(X=4110.000 Y=2290.000 Z=0.000), Max=(X=4210.000 Y=2390.000 Z=200.000) RuntimeGrid:None EditorOnly:0 RuntimeOnly:0 HLODRelevant:0
 |   |   |- Guid:2DCF07BF40885F3B338DB5B0546245FF BaseClass: NativeClass:/Script/Engine.StaticMeshActor Name:StaticMeshActor_UAID_5811228F7DE10CBB01_1428317749 Label:Cylinder5 SpatiallyLoaded:1 Bounds:IsValid=true, Min=(X=5200.000 Y=2170.000 Z=0.000), Max=(X=5300.000 Y=2270.000 Z=200.000) RuntimeGrid:None EditorOnly:0 RuntimeOnly:0 HLODRelevant:0
 |   |   |- Guid:2E465FD64E6DD053292653B03CB0A85A BaseClass: NativeClass:/Script/Engine.StaticMeshActor Name:StaticMeshActor_UAID_C8D9D2230D04BBB501_1416397207 Label:SM_Cube7 SpatiallyLoaded:1 Bounds:IsValid=true, Min=(X=2900.000 Y=100.000 Z=0.000), Max=(X=3000.000 Y=1600.000 Z=400.000) RuntimeGrid:None EditorOnly:0 RuntimeOnly:0 HLODRelevant:1 FolderPath:Playground FolderGuid:C73F09FC4215536B1DCE2A9E0A830C70
 |   |   |- Guid:2FB58999456391D349DC0F86DAC136ED BaseClass: NativeClass:/Script/Engine.SkyLight Name:SkyLight_1 Label:SkyLight SpatiallyLoaded:0 Bounds:IsValid=true, Min=(X=0.000 Y=0.000 Z=690.000), Max=(X=0.000 Y=0.000 Z=690.000) RuntimeGrid:None EditorOnly:0 RuntimeOnly:0 HLODRelevant:0 FolderPath:Lighting FolderGuid:963EC3EB4002CCE9759E2EBA541A873A
 |   |   |- Guid:31669BE14246B975C9CB0B9321019F37 BaseClass: NativeClass:/Script/Engine.StaticMeshActor Name:StaticMeshActor_UAID_5811228F7DE10CBB01_1422139747 Label:Cylinder3 SpatiallyLoaded:1 Bounds:IsValid=true, Min=(X=4520.000 Y=1930.000 Z=0.000), Max=(X=4620.000 Y=2030.000 Z=200.000) RuntimeGrid:None EditorOnly:0 RuntimeOnly:0 HLODRelevant:0
 |   |   |- Guid:316CF2A6494ACA4C0E4180A87D36AB8F BaseClass: NativeClass:/Script/Engine.ExponentialHeightFog Name:ExponentialHeightFog_0 Label:ExponentialHeightFog SpatiallyLoaded:0 Bounds:IsValid=true, Min=(X=-5600.000 Y=-50.000 Z=-6850.000), Max=(X=-5600.000 Y=-50.000 Z=-6850.000) RuntimeGrid:None EditorOnly:0 RuntimeOnly:0 HLODRelevant:0 FolderPath:Lighting FolderGuid:963EC3EB4002CCE9759E2EBA541A873A
 |   |   |- Guid:3764F48C4C46E0427EDFAB82C2724C3D BaseClass: NativeClass:/Script/Engine.StaticMeshActor Name:StaticMeshActor_UAID_C8D9D2230D04BBB501_1447557208 Label:SM_Cube8 SpatiallyLoaded:1 Bounds:IsValid=true, Min=(X=2900.000 Y=1900.000 Z=0.000), Max=(X=3000.000 Y=3400.000 Z=400.000) RuntimeGrid:None EditorOnly:0 RuntimeOnly:0 HLODRelevant:1 FolderPath:Playground FolderGuid:C73F09FC4215536B1DCE2A9E0A830C70
 |   |   |- Guid:3A00AA1C422CE54C0BDB60BAF471BFBB BaseClass: NativeClass:/Script/Engine.PlayerStart Name:PlayerStart_0 Label:PlayerStart SpatiallyLoaded:0 Bounds:IsValid=true, Min=(X=1360.000 Y=1090.000 Z=40.013), Max=(X=1440.000 Y=1170.000 Z=224.013) RuntimeGrid:None EditorOnly:0 RuntimeOnly:0 HLODRelevant:0
 |   |   |- Guid:3F8CA6154BF48D5F037AD281A9A1E146 BaseClass:/Game/Items/Skills/Parentss/BP_PickupSkill.BP_PickupSkill_C NativeClass:/Script/Engine.Actor Name:BP_PickupSkill_C_UAID_C8D9D2230E93C8BE01_1363532999 Label:BP_PickupSkill2 SpatiallyLoaded:1 Bounds:IsValid=true, Min=(X=1010.126 Y=1185.251 Z=20.126), Max=(X=1069.874 Y=1234.749 Z=79.874) RuntimeGrid:None EditorOnly:0 RuntimeOnly:0 HLODRelevant:0
 |   |   |- Guid:400726F14C27F45FC807129E2D2563E1 BaseClass:/Game/Enemies/Turtle/BP_Turtle.BP_Turtle_C NativeClass:/Script/Engine.Character Name:BP_Turtle_C_UAID_5811228F7DE100BB01_1386946631 Label:BP_Turtle2 SpatiallyLoaded:1 Bounds:IsValid=true, Min=(X=5392.409 Y=2066.000 Z=-0.146), Max=(X=5464.000 Y=2134.000 Z=180.336) RuntimeGrid:None EditorOnly:0 RuntimeOnly:0 HLODRelevant:0
 |   |   |- Guid:43815E84492231AFC407F59E3C28176B BaseClass: NativeClass:/Script/Engine.StaticMeshActor Name:StaticMeshActor_4 Label:SM_Cube6 SpatiallyLoaded:1 Bounds:IsValid=true, Min=(X=6400.000 Y=100.000 Z=0.000), Max=(X=6500.000 Y=3400.000 Z=400.000) RuntimeGrid:None EditorOnly:0 RuntimeOnly:0 HLODRelevant:1 FolderPath:Playground FolderGuid:C73F09FC4215536B1DCE2A9E0A830C70
 |   |   |- Guid:4D3BE93F4146AAAC8BBE79999D96D57F BaseClass: NativeClass:/Script/Engine.VolumetricCloud Name:VolumetricCloud_0 Label:VolumetricCloud SpatiallyLoaded:0 Bounds:IsValid=true, Min=(X=0.000 Y=0.000 Z=820.000), Max=(X=0.000 Y=0.000 Z=820.000) RuntimeGrid:None EditorOnly:0 RuntimeOnly:0 HLODRelevant:0 FolderPath:Lighting FolderGuid:963EC3EB4002CCE9759E2EBA541A873A
 |   |   |- Guid:555DC5334FB478DEDDC718B3DB947032 BaseClass:/Game/Enemies/Turtle/BP_Turtle.BP_Turtle_C NativeClass:/Script/Engine.Character Name:BP_Turtle_C_UAID_C8D9D2230D04BDB501_1622281565 Label:BP_Turtle SpatiallyLoaded:1 Bounds:IsValid=true, Min=(X=5382.409 Y=1696.000 Z=-0.146), Max=(X=5454.000 Y=1764.000 Z=180.336) RuntimeGrid:None EditorOnly:0 RuntimeOnly:0 HLODRelevant:0
 |   |   |- Guid:5B97F4A64FB21F77EFC44386BF705B4C BaseClass: NativeClass:/Script/Engine.TextRenderActor Name:TextRenderActor_1 Label:TextRenderActor SpatiallyLoaded:1 Bounds:IsValid=true, Min=(X=-0.100 Y=1100.000 Z=65.013), Max=(X=-0.100 Y=2392.308 Z=215.013) RuntimeGrid:None EditorOnly:0 RuntimeOnly:0 HLODRelevant:0
 |   |   |- Guid:5CB021FE44AD1FD2C304529DDB4D9800 BaseClass:/Game/Enemies/Turtle/BP_Turtle.BP_Turtle_C NativeClass:/Script/Engine.Character Name:BP_Turtle_C_UAID_5811228F7DE100BB01_1393712635 Label:BP_Turtle6 SpatiallyLoaded:1 Bounds:IsValid=true, Min=(X=5572.409 Y=2766.000 Z=230.000), Max=(X=5644.000 Y=2834.000 Z=413.336) RuntimeGrid:None EditorOnly:0 RuntimeOnly:0 HLODRelevant:0
 |   |   |- Guid:5E4DB4154690C8B4EB14EAA9E92FAAFF BaseClass: NativeClass:/Script/Engine.StaticMeshActor Name:StaticMeshActor_33 Label:SM_QuarterCylinder12 SpatiallyLoaded:1 Bounds:IsValid=true, Min=(X=2000.000 Y=700.000 Z=0.000), Max=(X=2200.000 Y=900.000 Z=100.000) RuntimeGrid:None EditorOnly:0 RuntimeOnly:0 HLODRelevant:1 FolderPath:Cylinder FolderGuid:D075E5BA49330D3EC2503D81A7CF88D1
 |   |   |- Guid:6BAF4DDD444C60371492D3919DB42C97 BaseClass: NativeClass:/Script/Engine.WorldDataLayers Name:WorldDataLayers Label:WorldDataLayers SpatiallyLoaded:0 Bounds:IsValid=true, Min=(X=0.000 Y=0.000 Z=0.000), Max=(X=0.000 Y=0.000 Z=0.000) RuntimeGrid:None EditorOnly:0 RuntimeOnly:0 HLODRelevant:0
 |   |   |- Guid:6D1D108C4B206D6AB1169AAC9EB2BAF9 BaseClass: NativeClass:/Script/NavigationSystem.NavMeshBoundsVolume Name:NavMeshBoundsVolume_UAID_C8D9D2230D04BBB501_1798833209 Label:NavMeshBoundsVolume SpatiallyLoaded:0 Bounds:IsValid=true, Min=(X=2920.000 Y=-105.000 Z=-40.000), Max=(X=6820.000 Y=3545.000 Z=160.000) RuntimeGrid:None EditorOnly:0 RuntimeOnly:0 HLODRelevant:0
 |   |   |- Guid:6E3CE32146DCD1CBC7159E9398CB2E3E BaseClass:/Game/Enemies/Turtle/BP_Turtle.BP_Turtle_C NativeClass:/Script/Engine.Character Name:BP_Turtle_C_UAID_5811228F7DE100BB01_1392044634 Label:BP_Turtle5 SpatiallyLoaded:1 Bounds:IsValid=true, Min=(X=5582.409 Y=2576.000 Z=230.000), Max=(X=5654.000 Y=2644.000 Z=413.336) RuntimeGrid:None EditorOnly:0 RuntimeOnly:0 HLODRelevant:0
 |   |   |- Guid:6F7C34474838432118E09292A2A66BA4 BaseClass:/Game/Enemies/Turtle/BP_Turtle.BP_Turtle_C NativeClass:/Script/Engine.Character Name:BP_Turtle_C_UAID_5811228F7DE100BB01_1389185632 Label:BP_Turtle3 SpatiallyLoaded:1 Bounds:IsValid=true, Min=(X=5382.409 Y=2326.000 Z=-0.146), Max=(X=5454.000 Y=2394.000 Z=180.336) RuntimeGrid:None EditorOnly:0 RuntimeOnly:0 HLODRelevant:0
 |   |   |- Guid:74CF56AD4A234AF4246FA3971D7E6048 BaseClass:/Game/Enemies/Turtle/BP_Turtle.BP_Turtle_C NativeClass:/Script/Engine.Character Name:BP_Turtle_C_UAID_5811228F7DE100BB01_1390496633 Label:BP_Turtle4 SpatiallyLoaded:1 Bounds:IsValid=true, Min=(X=5422.409 Y=2566.000 Z=-0.146), Max=(X=5494.000 Y=2634.000 Z=180.336) RuntimeGrid:None EditorOnly:0 RuntimeOnly:0 HLODRelevant:0
 |   |   |- Guid:76739A4245B96BA941B97CA71A7DABBE BaseClass:/Game/Items/Skills/Parentss/BP_PickupSkill.BP_PickupSkill_C NativeClass:/Script/Engine.Actor Name:BP_PickupSkill_C_UAID_C8D9D21AD9BE65BA01_1919983351 Label:BP_PickupSkill SpatiallyLoaded:1 Bounds:IsValid=true, Min=(X=1200.126 Y=1175.251 Z=20.126), Max=(X=1259.874 Y=1224.749 Z=79.874) RuntimeGrid:None EditorOnly:0 RuntimeOnly:0 HLODRelevant:0
 |   |   |- Guid:7C172A0740B33B6D38EEF38A63E0B945 BaseClass: NativeClass:/Script/Engine.StaticMeshActor Name:StaticMeshActor_3 Label:SM_Ramp SpatiallyLoaded:1 Bounds:IsValid=true, Min=(X=1300.000 Y=600.000 Z=0.000), Max=(X=1700.000 Y=800.000 Z=30.000) RuntimeGrid:None EditorOnly:0 RuntimeOnly:0 HLODRelevant:1
 |   |   |- Guid:7EF6C5E44CFF5F747A63CC9BC67BFA52 BaseClass:/Game/Items/Weapons/Parents/BP_PickupWeapon.BP_PickupWeapon_C NativeClass:/Script/Engine.Actor Name:BP_PickupWeapon_C_UAID_5811228F7DE14BB301_1308378383 Label:BP_PickupWeapon SpatiallyLoaded:1 Bounds:IsValid=true, Min=(X=1177.500 Y=1357.500 Z=27.500), Max=(X=1262.500 Y=1382.500 Z=52.500) RuntimeGrid:None EditorOnly:0 RuntimeOnly:0 HLODRelevant:0
 |   |   |- Guid:8357E1114429C65A1A79159C22C06689 BaseClass: NativeClass:/Script/Engine.StaticMeshActor Name:StaticMeshActor_UAID_5811228F7DE10CBB01_1382464744 Label:Cylinder SpatiallyLoaded:1 Bounds:IsValid=true, Min=(X=4520.000 Y=1400.000 Z=0.000), Max=(X=4620.000 Y=1500.000 Z=200.000) RuntimeGrid:None EditorOnly:0 RuntimeOnly:0 HLODRelevant:0
 |   |   |- Guid:84EA47B348A62C34AEF3319483AE7D5A BaseClass:/Game/Items/Rings/Parents/BP_PickupRing.BP_PickupRing_C NativeClass:/Script/Engine.Actor Name:BP_PickupRing_C_UAID_C8D9D21AD9BE66BA01_1733537529 Label:BP_PickupRing SpatiallyLoaded:1 Bounds:IsValid=true, Min=(X=1265.000 Y=1015.000 Z=25.000), Max=(X=1315.000 Y=1065.000 Z=75.000) RuntimeGrid:None EditorOnly:0 RuntimeOnly:0 HLODRelevant:0
 |   |   |- Guid:933952FF464B492655A175863B02A160 BaseClass:/Game/Enemies/Turtle/BP_Turtle.BP_Turtle_C NativeClass:/Script/Engine.Character Name:BP_Turtle_C_UAID_5811228F7DE103BB01_1211548166 Label:BP_Turtle9 SpatiallyLoaded:1 Bounds:IsValid=true, Min=(X=5602.409 Y=646.000 Z=-0.146), Max=(X=5674.000 Y=714.000 Z=180.336) RuntimeGrid:None EditorOnly:0 RuntimeOnly:0 HLODRelevant:0
 |   |   |- Guid:94F6D9A645798F5BAD0B58BEED8F27F5 BaseClass: NativeClass:/Script/Engine.StaticMeshActor Name:StaticMeshActor_32 Label:SM_QuarterCylinder11 SpatiallyLoaded:1 Bounds:IsValid=true, Min=(X=2200.000 Y=700.000 Z=-0.000), Max=(X=2400.000 Y=900.000 Z=100.000) RuntimeGrid:None EditorOnly:0 RuntimeOnly:0 HLODRelevant:1 FolderPath:Cylinder FolderGuid:D075E5BA49330D3EC2503D81A7CF88D1
 |   |   |- Guid:A56216954B2165CF0F35A886B537D536 BaseClass: NativeClass:/Script/Engine.StaticMeshActor Name:StaticMeshActor_0 Label:SM_Cube5 SpatiallyLoaded:1 Bounds:IsValid=true, Min=(X=-0.000 Y=100.000 Z=0.000), Max=(X=100.000 Y=3400.000 Z=400.000) RuntimeGrid:None EditorOnly:0 RuntimeOnly:0 HLODRelevant:1 FolderPath:Playground FolderGuid:C73F09FC4215536B1DCE2A9E0A830C70
 |   |   |- Guid:AA2DEA5D4403ADBC66994CB9FAAA6637 BaseClass:/Game/Enemies/Turtle/BP_Turtle.BP_Turtle_C NativeClass:/Script/Engine.Character Name:BP_Turtle_C_UAID_5811228F7DE103BB01_1206194165 Label:BP_Turtle8 SpatiallyLoaded:1 Bounds:IsValid=true, Min=(X=5592.409 Y=936.000 Z=-0.146), Max=(X=5664.000 Y=1004.000 Z=180.336) RuntimeGrid:None EditorOnly:0 RuntimeOnly:0 HLODRelevant:0
 |   |   |- Guid:B785ED2844B84CFB91E7F39FE661CD99 BaseClass: NativeClass:/Script/Engine.DirectionalLight Name:DirectionalLight_0 Label:DirectionalLight SpatiallyLoaded:0 Bounds:IsValid=true, Min=(X=-4398046511104.000 Y=-4398046511104.000 Z=-4398046511104.000), Max=(X=4398046511104.000 Y=4398046511104.000 Z=4398046511104.000) RuntimeGrid:None EditorOnly:0 RuntimeOnly:0 HLODRelevant:0 FolderPath:Lighting FolderGuid:963EC3EB4002CCE9759E2EBA541A873A
 |   |   |- Guid:B8218538470B8D7ECBF13683C64F18DD BaseClass: NativeClass:/Script/Engine.StaticMeshActor Name:StaticMeshActor_UAID_5811228F7DE10CBB01_1441641753 Label:Cylinder9 SpatiallyLoaded:1 Bounds:IsValid=true, Min=(X=4580.000 Y=2410.000 Z=0.000), Max=(X=4680.000 Y=2510.000 Z=200.000) RuntimeGrid:None EditorOnly:0 RuntimeOnly:0 HLODRelevant:0
 |   |   |- Guid:BC08B79C4EA3C961CFF75EBBE83B367D BaseClass: NativeClass:/Script/Engine.StaticMeshActor Name:StaticMeshActor_5 Label:SM_Cube2 SpatiallyLoaded:1 Bounds:IsValid=true, Min=(X=0.000 Y=0.000 Z=0.000), Max=(X=6500.000 Y=100.000 Z=400.000) RuntimeGrid:None EditorOnly:0 RuntimeOnly:0 HLODRelevant:1 FolderPath:Playground FolderGuid:C73F09FC4215536B1DCE2A9E0A830C70
 |   |   |- Guid:C6068E5141404588EF0A6ABE60086F18 BaseClass: NativeClass:/Script/Engine.StaticMeshActor Name:StaticMeshActor_UAID_5811228F7DE10CBB01_1416855746 Label:Cylinder2 SpatiallyLoaded:1 Bounds:IsValid=true, Min=(X=5060.000 Y=1770.000 Z=0.000), Max=(X=5160.000 Y=1870.000 Z=200.000) RuntimeGrid:None EditorOnly:0 RuntimeOnly:0 HLODRelevant:0
 |   |   |- Guid:CCFF262C46EEFFDF319E7F9539CE697E BaseClass: NativeClass:/Script/Engine.SkyAtmosphere Name:SkyAtmosphere_0 Label:SkyAtmosphere SpatiallyLoaded:0 Bounds:IsValid=true, Min=(X=0.000 Y=0.000 Z=1020.000), Max=(X=0.000 Y=0.000 Z=1020.000) RuntimeGrid:None EditorOnly:0 RuntimeOnly:0 HLODRelevant:0 FolderPath:Lighting FolderGuid:963EC3EB4002CCE9759E2EBA541A873A
 |   |   |- Guid:D5AA66C6414E1558BD546D800AFAC54B BaseClass: NativeClass:/Script/Engine.StaticMeshActor Name:StaticMeshActor_UAID_5811228F7DE10CBB01_1439496752 Label:Cylinder8 SpatiallyLoaded:1 Bounds:IsValid=true, Min=(X=3740.000 Y=2140.000 Z=0.000), Max=(X=3840.000 Y=2240.000 Z=200.000) RuntimeGrid:None EditorOnly:0 RuntimeOnly:0 HLODRelevant:0
 |   |   |- Guid:DE3A079B4635A6D8D620CCBC6C0BB1C0 BaseClass: NativeClass:/Script/Engine.StaticMeshActor Name:StaticMeshActor_35 Label:SM_QuarterCylinder14 SpatiallyLoaded:1 Bounds:IsValid=true, Min=(X=2200.000 Y=500.000 Z=0.000), Max=(X=2400.000 Y=700.000 Z=100.000) RuntimeGrid:None EditorOnly:0 RuntimeOnly:0 HLODRelevant:1 FolderPath:Cylinder FolderGuid:D075E5BA49330D3EC2503D81A7CF88D1
 |   |   |- Guid:EC4E0C944CE6AC6E784BC6BB2916EA13 BaseClass: NativeClass:/Script/Engine.StaticMeshActor Name:StaticMeshActor_UAID_A4AE111137DC5EFB00_1110535423 Label:SM_SkySphere SpatiallyLoaded:0 Bounds:IsValid=true, Min=(X=-1638400.000 Y=-1638400.000 Z=-1638400.000), Max=(X=1638400.000 Y=1638400.000 Z=1638400.000) RuntimeGrid:None EditorOnly:0 RuntimeOnly:0 HLODRelevant:1 FolderPath:Lighting FolderGuid:963EC3EB4002CCE9759E2EBA541A873A
 |   |   |- Guid:ECC9BAAB48E8E4CAF5B41B8BE8D0FB31 BaseClass: NativeClass:/Script/Engine.StaticMeshActor Name:StaticMeshActor_UAID_5811228F7DE10CBB01_1431539750 Label:Cylinder6 SpatiallyLoaded:1 Bounds:IsValid=true, Min=(X=2540.000 Y=2730.000 Z=0.000), Max=(X=2640.000 Y=2830.000 Z=200.000) RuntimeGrid:None EditorOnly:0 RuntimeOnly:0 HLODRelevant:0
 |   |   |- Guid:F1924B8D48954B30891B2DB6A694F9CC BaseClass: NativeClass:/Script/Engine.StaticMeshActor Name:StaticMeshActor_1 Label:SM_Cube SpatiallyLoaded:1 Bounds:IsValid=true, Min=(X=0.000 Y=0.000 Z=-50.000), Max=(X=6500.000 Y=3500.000 Z=0.000) RuntimeGrid:None EditorOnly:0 RuntimeOnly:0 HLODRelevant:1 FolderPath:Playground FolderGuid:C73F09FC4215536B1DCE2A9E0A830C70
 |   |   |- Guid:F1B8E2024BED20D1653C61A80C6B9EB2 BaseClass: NativeClass:/Script/Engine.StaticMeshActor Name:StaticMeshActor_UAID_5811228F7DE10CBB01_1444734754 Label:Cylinder10 SpatiallyLoaded:1 Bounds:IsValid=true, Min=(X=5600.000 Y=1500.000 Z=0.000), Max=(X=5700.000 Y=1600.000 Z=200.000) RuntimeGrid:None EditorOnly:0 RuntimeOnly:0 HLODRelevant:0
 |   |   |- Guid:F5E3FEB3450C49844FD93DA8E083C8AD BaseClass: NativeClass:/Script/Engine.PostProcessVolume Name:PostProcessVolume_0 Label:PostProcessVolume SpatiallyLoaded:0 Bounds:IsValid=true, Min=(X=0.000 Y=0.000 Z=400.000), Max=(X=200.000 Y=200.000 Z=600.000) RuntimeGrid:None EditorOnly:0 RuntimeOnly:0 HLODRelevant:0 FolderPath:Lighting FolderGuid:963EC3EB4002CCE9759E2EBA541A873A
 |   |   |- Guid:FF698C67459ADB4982D7759C0905EE9F BaseClass: NativeClass:/Script/Engine.StaticMeshActor Name:StaticMeshActor_6 Label:SM_Cube3 SpatiallyLoaded:1 Bounds:IsValid=true, Min=(X=0.000 Y=3400.000 Z=0.000), Max=(X=6500.000 Y=3500.000 Z=400.000) RuntimeGrid:None EditorOnly:0 RuntimeOnly:0 HLODRelevant:1 FolderPath:Playground FolderGuid:C73F09FC4215536B1DCE2A9E0A830C70
 |   |- [+] Clusters:
 |   |   |- [+] [  0]
 |   |   |   |- Guid:0E04D9F5417EA8980498E5868B9A547B BaseClass:/Game/Items/Skills/Parentss/BP_PickupSkill.BP_PickupSkill_C NativeClass:/Script/Engine.Actor Name:BP_PickupSkill_C_UAID_C8D9D2230E93C8BE01_1365415000 Label:BP_PickupSkill3 SpatiallyLoaded:1 Bounds:IsValid=true, Min=(X=860.126 Y=1195.251 Z=20.126), Max=(X=919.874 Y=1244.749 Z=79.874) RuntimeGrid:None EditorOnly:0 RuntimeOnly:0 HLODRelevant:0
 |   |   |- [+] [  1]
 |   |   |   |- Guid:7EF6C5E44CFF5F747A63CC9BC67BFA52 BaseClass:/Game/Items/Weapons/Parents/BP_PickupWeapon.BP_PickupWeapon_C NativeClass:/Script/Engine.Actor Name:BP_PickupWeapon_C_UAID_5811228F7DE14BB301_1308378383 Label:BP_PickupWeapon SpatiallyLoaded:1 Bounds:IsValid=true, Min=(X=1177.500 Y=1357.500 Z=27.500), Max=(X=1262.500 Y=1382.500 Z=52.500) RuntimeGrid:None EditorOnly:0 RuntimeOnly:0 HLODRelevant:0
 |   |   |- [+] [  2]
 |   |   |   |- Guid:6D1D108C4B206D6AB1169AAC9EB2BAF9 BaseClass: NativeClass:/Script/NavigationSystem.NavMeshBoundsVolume Name:NavMeshBoundsVolume_UAID_C8D9D2230D04BBB501_1798833209 Label:NavMeshBoundsVolume SpatiallyLoaded:0 Bounds:IsValid=true, Min=(X=2920.000 Y=-105.000 Z=-40.000), Max=(X=6820.000 Y=3545.000 Z=160.000) RuntimeGrid:None EditorOnly:0 RuntimeOnly:0 HLODRelevant:0
 |   |   |- [+] [  3]
 |   |   |   |- Guid:31669BE14246B975C9CB0B9321019F37 BaseClass: NativeClass:/Script/Engine.StaticMeshActor Name:StaticMeshActor_UAID_5811228F7DE10CBB01_1422139747 Label:Cylinder3 SpatiallyLoaded:1 Bounds:IsValid=true, Min=(X=4520.000 Y=1930.000 Z=0.000), Max=(X=4620.000 Y=2030.000 Z=200.000) RuntimeGrid:None EditorOnly:0 RuntimeOnly:0 HLODRelevant:0
 |   |   |- [+] [  4]
 |   |   |   |- Guid:1606073B45C0C8398E231A9BFF32D3C4 BaseClass: NativeClass:/Script/NavigationSystem.RecastNavMesh Name:RecastNavMesh_UAID_C8D9D2230D04BBB501-Default Label:RecastNavMesh-Default SpatiallyLoaded:0 Bounds:IsValid=true, Min=(X=0.000 Y=0.000 Z=0.000), Max=(X=0.000 Y=0.000 Z=0.000) RuntimeGrid:None EditorOnly:0 RuntimeOnly:0 HLODRelevant:0
 |   |   |- [+] [  5]
 |   |   |   |- Guid:0D1D4F1A48A9DA60D58E79AEED0A6B05 BaseClass:/Game/Enemies/Turtle/BP_Turtle.BP_Turtle_C NativeClass:/Script/Engine.Character Name:BP_Turtle_C_UAID_5811228F7DE103BB01_1203694164 Label:BP_Turtle7 SpatiallyLoaded:1 Bounds:IsValid=true, Min=(X=5392.409 Y=1186.000 Z=0.000), Max=(X=5464.000 Y=1254.000 Z=183.336) RuntimeGrid:None EditorOnly:0 RuntimeOnly:0 HLODRelevant:0
 |   |   |- [+] [  6]
 |   |   |   |- Guid:1A789DC8415097E9856E5DB60740F01D BaseClass: NativeClass:/Script/Engine.StaticMeshActor Name:StaticMeshActor_34 Label:SM_QuarterCylinder13 SpatiallyLoaded:1 Bounds:IsValid=true, Min=(X=2000.000 Y=500.000 Z=0.000), Max=(X=2200.000 Y=700.000 Z=100.000) RuntimeGrid:None EditorOnly:0 RuntimeOnly:0 HLODRelevant:1 FolderPath:Cylinder FolderGuid:D075E5BA49330D3EC2503D81A7CF88D1
 |   |   |- [+] [  7]
 |   |   |   |- Guid:2FB58999456391D349DC0F86DAC136ED BaseClass: NativeClass:/Script/Engine.SkyLight Name:SkyLight_1 Label:SkyLight SpatiallyLoaded:0 Bounds:IsValid=true, Min=(X=0.000 Y=0.000 Z=690.000), Max=(X=0.000 Y=0.000 Z=690.000) RuntimeGrid:None EditorOnly:0 RuntimeOnly:0 HLODRelevant:0 FolderPath:Lighting FolderGuid:963EC3EB4002CCE9759E2EBA541A873A
 |   |   |- [+] [  8]
 |   |   |   |- Guid:3A00AA1C422CE54C0BDB60BAF471BFBB BaseClass: NativeClass:/Script/Engine.PlayerStart Name:PlayerStart_0 Label:PlayerStart SpatiallyLoaded:0 Bounds:IsValid=true, Min=(X=1360.000 Y=1090.000 Z=40.013), Max=(X=1440.000 Y=1170.000 Z=224.013) RuntimeGrid:None EditorOnly:0 RuntimeOnly:0 HLODRelevant:0
 |   |   |- [+] [  9]
 |   |   |   |- Guid:F1924B8D48954B30891B2DB6A694F9CC BaseClass: NativeClass:/Script/Engine.StaticMeshActor Name:StaticMeshActor_1 Label:SM_Cube SpatiallyLoaded:1 Bounds:IsValid=true, Min=(X=0.000 Y=0.000 Z=-50.000), Max=(X=6500.000 Y=3500.000 Z=0.000) RuntimeGrid:None EditorOnly:0 RuntimeOnly:0 HLODRelevant:1 FolderPath:Playground FolderGuid:C73F09FC4215536B1DCE2A9E0A830C70
 |   |   |- [+] [ 10]
 |   |   |   |- Guid:43815E84492231AFC407F59E3C28176B BaseClass: NativeClass:/Script/Engine.StaticMeshActor Name:StaticMeshActor_4 Label:SM_Cube6 SpatiallyLoaded:1 Bounds:IsValid=true, Min=(X=6400.000 Y=100.000 Z=0.000), Max=(X=6500.000 Y=3400.000 Z=400.000) RuntimeGrid:None EditorOnly:0 RuntimeOnly:0 HLODRelevant:1 FolderPath:Playground FolderGuid:C73F09FC4215536B1DCE2A9E0A830C70
 |   |   |- [+] [ 11]
 |   |   |   |- Guid:A56216954B2165CF0F35A886B537D536 BaseClass: NativeClass:/Script/Engine.StaticMeshActor Name:StaticMeshActor_0 Label:SM_Cube5 SpatiallyLoaded:1 Bounds:IsValid=true, Min=(X=-0.000 Y=100.000 Z=0.000), Max=(X=100.000 Y=3400.000 Z=400.000) RuntimeGrid:None EditorOnly:0 RuntimeOnly:0 HLODRelevant:1 FolderPath:Playground FolderGuid:C73F09FC4215536B1DCE2A9E0A830C70
 |   |   |- [+] [ 12]
 |   |   |   |- Guid:DE3A079B4635A6D8D620CCBC6C0BB1C0 BaseClass: NativeClass:/Script/Engine.StaticMeshActor Name:StaticMeshActor_35 Label:SM_QuarterCylinder14 SpatiallyLoaded:1 Bounds:IsValid=true, Min=(X=2200.000 Y=500.000 Z=0.000), Max=(X=2400.000 Y=700.000 Z=100.000) RuntimeGrid:None EditorOnly:0 RuntimeOnly:0 HLODRelevant:1 FolderPath:Cylinder FolderGuid:D075E5BA49330D3EC2503D81A7CF88D1
 |   |   |- [+] [ 13]
 |   |   |   |- Guid:2DCF07BF40885F3B338DB5B0546245FF BaseClass: NativeClass:/Script/Engine.StaticMeshActor Name:StaticMeshActor_UAID_5811228F7DE10CBB01_1428317749 Label:Cylinder5 SpatiallyLoaded:1 Bounds:IsValid=true, Min=(X=5200.000 Y=2170.000 Z=0.000), Max=(X=5300.000 Y=2270.000 Z=200.000) RuntimeGrid:None EditorOnly:0 RuntimeOnly:0 HLODRelevant:0
 |   |   |- [+] [ 14]
 |   |   |   |- Guid:6F7C34474838432118E09292A2A66BA4 BaseClass:/Game/Enemies/Turtle/BP_Turtle.BP_Turtle_C NativeClass:/Script/Engine.Character Name:BP_Turtle_C_UAID_5811228F7DE100BB01_1389185632 Label:BP_Turtle3 SpatiallyLoaded:1 Bounds:IsValid=true, Min=(X=5382.409 Y=2326.000 Z=-0.146), Max=(X=5454.000 Y=2394.000 Z=180.336) RuntimeGrid:None EditorOnly:0 RuntimeOnly:0 HLODRelevant:0
 |   |   |- [+] [ 15]
 |   |   |   |- Guid:6BAF4DDD444C60371492D3919DB42C97 BaseClass: NativeClass:/Script/Engine.WorldDataLayers Name:WorldDataLayers Label:WorldDataLayers SpatiallyLoaded:0 Bounds:IsValid=true, Min=(X=0.000 Y=0.000 Z=0.000), Max=(X=0.000 Y=0.000 Z=0.000) RuntimeGrid:None EditorOnly:0 RuntimeOnly:0 HLODRelevant:0
 |   |   |- [+] [ 16]
 |   |   |   |- Guid:09ED420041A93D2D70668CA71AC46BCE BaseClass: NativeClass:/Script/Engine.StaticMeshActor Name:StaticMeshActor_UAID_5811228F7DE10CBB01_1425515748 Label:Cylinder4 SpatiallyLoaded:1 Bounds:IsValid=true, Min=(X=3720.000 Y=1780.000 Z=0.000), Max=(X=3820.000 Y=1880.000 Z=200.000) RuntimeGrid:None EditorOnly:0 RuntimeOnly:0 HLODRelevant:0
 |   |   |- [+] [ 17]
 |   |   |   |- Guid:C6068E5141404588EF0A6ABE60086F18 BaseClass: NativeClass:/Script/Engine.StaticMeshActor Name:StaticMeshActor_UAID_5811228F7DE10CBB01_1416855746 Label:Cylinder2 SpatiallyLoaded:1 Bounds:IsValid=true, Min=(X=5060.000 Y=1770.000 Z=0.000), Max=(X=5160.000 Y=1870.000 Z=200.000) RuntimeGrid:None EditorOnly:0 RuntimeOnly:0 HLODRelevant:0
 |   |   |- [+] [ 18]
 |   |   |   |- Guid:5CB021FE44AD1FD2C304529DDB4D9800 BaseClass:/Game/Enemies/Turtle/BP_Turtle.BP_Turtle_C NativeClass:/Script/Engine.Character Name:BP_Turtle_C_UAID_5811228F7DE100BB01_1393712635 Label:BP_Turtle6 SpatiallyLoaded:1 Bounds:IsValid=true, Min=(X=5572.409 Y=2766.000 Z=230.000), Max=(X=5644.000 Y=2834.000 Z=413.336) RuntimeGrid:None EditorOnly:0 RuntimeOnly:0 HLODRelevant:0
 |   |   |- [+] [ 19]
 |   |   |   |- Guid:BC08B79C4EA3C961CFF75EBBE83B367D BaseClass: NativeClass:/Script/Engine.StaticMeshActor Name:StaticMeshActor_5 Label:SM_Cube2 SpatiallyLoaded:1 Bounds:IsValid=true, Min=(X=0.000 Y=0.000 Z=0.000), Max=(X=6500.000 Y=100.000 Z=400.000) RuntimeGrid:None EditorOnly:0 RuntimeOnly:0 HLODRelevant:1 FolderPath:Playground FolderGuid:C73F09FC4215536B1DCE2A9E0A830C70
 |   |   |- [+] [ 20]
 |   |   |   |- Guid:8357E1114429C65A1A79159C22C06689 BaseClass: NativeClass:/Script/Engine.StaticMeshActor Name:StaticMeshActor_UAID_5811228F7DE10CBB01_1382464744 Label:Cylinder SpatiallyLoaded:1 Bounds:IsValid=true, Min=(X=4520.000 Y=1400.000 Z=0.000), Max=(X=4620.000 Y=1500.000 Z=200.000) RuntimeGrid:None EditorOnly:0 RuntimeOnly:0 HLODRelevant:0
 |   |   |- [+] [ 21]
 |   |   |   |- Guid:0ABFC2084B3F993319249B9534E0BB8C BaseClass: NativeClass:/Script/Engine.StaticMeshActor Name:StaticMeshActor_UAID_5811228F7DE10CBB01_1433915751 Label:Cylinder7 SpatiallyLoaded:1 Bounds:IsValid=true, Min=(X=3660.000 Y=1240.000 Z=0.000), Max=(X=3760.000 Y=1340.000 Z=200.000) RuntimeGrid:None EditorOnly:0 RuntimeOnly:0 HLODRelevant:0
 |   |   |- [+] [ 22]
 |   |   |   |- Guid:555DC5334FB478DEDDC718B3DB947032 BaseClass:/Game/Enemies/Turtle/BP_Turtle.BP_Turtle_C NativeClass:/Script/Engine.Character Name:BP_Turtle_C_UAID_C8D9D2230D04BDB501_1622281565 Label:BP_Turtle SpatiallyLoaded:1 Bounds:IsValid=true, Min=(X=5382.409 Y=1696.000 Z=-0.146), Max=(X=5454.000 Y=1764.000 Z=180.336) RuntimeGrid:None EditorOnly:0 RuntimeOnly:0 HLODRelevant:0
 |   |   |- [+] [ 23]
 |   |   |   |- Guid:400726F14C27F45FC807129E2D2563E1 BaseClass:/Game/Enemies/Turtle/BP_Turtle.BP_Turtle_C NativeClass:/Script/Engine.Character Name:BP_Turtle_C_UAID_5811228F7DE100BB01_1386946631 Label:BP_Turtle2 SpatiallyLoaded:1 Bounds:IsValid=true, Min=(X=5392.409 Y=2066.000 Z=-0.146), Max=(X=5464.000 Y=2134.000 Z=180.336) RuntimeGrid:None EditorOnly:0 RuntimeOnly:0 HLODRelevant:0
 |   |   |- [+] [ 24]
 |   |   |   |- Guid:933952FF464B492655A175863B02A160 BaseClass:/Game/Enemies/Turtle/BP_Turtle.BP_Turtle_C NativeClass:/Script/Engine.Character Name:BP_Turtle_C_UAID_5811228F7DE103BB01_1211548166 Label:BP_Turtle9 SpatiallyLoaded:1 Bounds:IsValid=true, Min=(X=5602.409 Y=646.000 Z=-0.146), Max=(X=5674.000 Y=714.000 Z=180.336) RuntimeGrid:None EditorOnly:0 RuntimeOnly:0 HLODRelevant:0
 |   |   |- [+] [ 25]
 |   |   |   |- Guid:2010E8D24A43A2A4CD98A0BB0CB3F0A2 BaseClass: NativeClass:/Script/Engine.StaticMeshActor Name:StaticMeshActor_UAID_5811228F7DE10CBB01_1457836756 Label:Cylinder12 SpatiallyLoaded:1 Bounds:IsValid=true, Min=(X=4110.000 Y=2290.000 Z=0.000), Max=(X=4210.000 Y=2390.000 Z=200.000) RuntimeGrid:None EditorOnly:0 RuntimeOnly:0 HLODRelevant:0
 |   |   |- [+] [ 26]
 |   |   |   |- Guid:3764F48C4C46E0427EDFAB82C2724C3D BaseClass: NativeClass:/Script/Engine.StaticMeshActor Name:StaticMeshActor_UAID_C8D9D2230D04BBB501_1447557208 Label:SM_Cube8 SpatiallyLoaded:1 Bounds:IsValid=true, Min=(X=2900.000 Y=1900.000 Z=0.000), Max=(X=3000.000 Y=3400.000 Z=400.000) RuntimeGrid:None EditorOnly:0 RuntimeOnly:0 HLODRelevant:1 FolderPath:Playground FolderGuid:C73F09FC4215536B1DCE2A9E0A830C70
 |   |   |- [+] [ 27]
 |   |   |   |- Guid:EC4E0C944CE6AC6E784BC6BB2916EA13 BaseClass: NativeClass:/Script/Engine.StaticMeshActor Name:StaticMeshActor_UAID_A4AE111137DC5EFB00_1110535423 Label:SM_SkySphere SpatiallyLoaded:0 Bounds:IsValid=true, Min=(X=-1638400.000 Y=-1638400.000 Z=-1638400.000), Max=(X=1638400.000 Y=1638400.000 Z=1638400.000) RuntimeGrid:None EditorOnly:0 RuntimeOnly:0 HLODRelevant:1 FolderPath:Lighting FolderGuid:963EC3EB4002CCE9759E2EBA541A873A
 |   |   |- [+] [ 28]
 |   |   |   |- Guid:FF698C67459ADB4982D7759C0905EE9F BaseClass: NativeClass:/Script/Engine.StaticMeshActor Name:StaticMeshActor_6 Label:SM_Cube3 SpatiallyLoaded:1 Bounds:IsValid=true, Min=(X=0.000 Y=3400.000 Z=0.000), Max=(X=6500.000 Y=3500.000 Z=400.000) RuntimeGrid:None EditorOnly:0 RuntimeOnly:0 HLODRelevant:1 FolderPath:Playground FolderGuid:C73F09FC4215536B1DCE2A9E0A830C70
 |   |   |- [+] [ 29]
 |   |   |   |- Guid:F5E3FEB3450C49844FD93DA8E083C8AD BaseClass: NativeClass:/Script/Engine.PostProcessVolume Name:PostProcessVolume_0 Label:PostProcessVolume SpatiallyLoaded:0 Bounds:IsValid=true, Min=(X=0.000 Y=0.000 Z=400.000), Max=(X=200.000 Y=200.000 Z=600.000) RuntimeGrid:None EditorOnly:0 RuntimeOnly:0 HLODRelevant:0 FolderPath:Lighting FolderGuid:963EC3EB4002CCE9759E2EBA541A873A
 |   |   |- [+] [ 30]
 |   |   |   |- Guid:5B97F4A64FB21F77EFC44386BF705B4C BaseClass: NativeClass:/Script/Engine.TextRenderActor Name:TextRenderActor_1 Label:TextRenderActor SpatiallyLoaded:1 Bounds:IsValid=true, Min=(X=-0.100 Y=1100.000 Z=65.013), Max=(X=-0.100 Y=2392.308 Z=215.013) RuntimeGrid:None EditorOnly:0 RuntimeOnly:0 HLODRelevant:0
 |   |   |- [+] [ 31]
 |   |   |   |- Guid:3F8CA6154BF48D5F037AD281A9A1E146 BaseClass:/Game/Items/Skills/Parentss/BP_PickupSkill.BP_PickupSkill_C NativeClass:/Script/Engine.Actor Name:BP_PickupSkill_C_UAID_C8D9D2230E93C8BE01_1363532999 Label:BP_PickupSkill2 SpatiallyLoaded:1 Bounds:IsValid=true, Min=(X=1010.126 Y=1185.251 Z=20.126), Max=(X=1069.874 Y=1234.749 Z=79.874) RuntimeGrid:None EditorOnly:0 RuntimeOnly:0 HLODRelevant:0
 |   |   |- [+] [ 32]
 |   |   |   |- Guid:7C172A0740B33B6D38EEF38A63E0B945 BaseClass: NativeClass:/Script/Engine.StaticMeshActor Name:StaticMeshActor_3 Label:SM_Ramp SpatiallyLoaded:1 Bounds:IsValid=true, Min=(X=1300.000 Y=600.000 Z=0.000), Max=(X=1700.000 Y=800.000 Z=30.000) RuntimeGrid:None EditorOnly:0 RuntimeOnly:0 HLODRelevant:1
 |   |   |- [+] [ 33]
 |   |   |   |- Guid:B8218538470B8D7ECBF13683C64F18DD BaseClass: NativeClass:/Script/Engine.StaticMeshActor Name:StaticMeshActor_UAID_5811228F7DE10CBB01_1441641753 Label:Cylinder9 SpatiallyLoaded:1 Bounds:IsValid=true, Min=(X=4580.000 Y=2410.000 Z=0.000), Max=(X=4680.000 Y=2510.000 Z=200.000) RuntimeGrid:None EditorOnly:0 RuntimeOnly:0 HLODRelevant:0
 |   |   |- [+] [ 34]
 |   |   |   |- Guid:05F02FCB47E2B376AEB16C844B482C65 BaseClass: NativeClass:/Script/Engine.StaticMeshActor Name:StaticMeshActor_UAID_5811228F7DE10CBB01_1447490755 Label:Cylinder11 SpatiallyLoaded:1 Bounds:IsValid=true, Min=(X=5100.000 Y=1130.000 Z=0.000), Max=(X=5200.000 Y=1230.000 Z=200.000) RuntimeGrid:None EditorOnly:0 RuntimeOnly:0 HLODRelevant:0
 |   |   |- [+] [ 35]
 |   |   |   |- Guid:76739A4245B96BA941B97CA71A7DABBE BaseClass:/Game/Items/Skills/Parentss/BP_PickupSkill.BP_PickupSkill_C NativeClass:/Script/Engine.Actor Name:BP_PickupSkill_C_UAID_C8D9D21AD9BE65BA01_1919983351 Label:BP_PickupSkill SpatiallyLoaded:1 Bounds:IsValid=true, Min=(X=1200.126 Y=1175.251 Z=20.126), Max=(X=1259.874 Y=1224.749 Z=79.874) RuntimeGrid:None EditorOnly:0 RuntimeOnly:0 HLODRelevant:0
 |   |   |- [+] [ 36]
 |   |   |   |- Guid:B785ED2844B84CFB91E7F39FE661CD99 BaseClass: NativeClass:/Script/Engine.DirectionalLight Name:DirectionalLight_0 Label:DirectionalLight SpatiallyLoaded:0 Bounds:IsValid=true, Min=(X=-4398046511104.000 Y=-4398046511104.000 Z=-4398046511104.000), Max=(X=4398046511104.000 Y=4398046511104.000 Z=4398046511104.000) RuntimeGrid:None EditorOnly:0 RuntimeOnly:0 HLODRelevant:0 FolderPath:Lighting FolderGuid:963EC3EB4002CCE9759E2EBA541A873A
 |   |   |- [+] [ 37]
 |   |   |   |- Guid:F1B8E2024BED20D1653C61A80C6B9EB2 BaseClass: NativeClass:/Script/Engine.StaticMeshActor Name:StaticMeshActor_UAID_5811228F7DE10CBB01_1444734754 Label:Cylinder10 SpatiallyLoaded:1 Bounds:IsValid=true, Min=(X=5600.000 Y=1500.000 Z=0.000), Max=(X=5700.000 Y=1600.000 Z=200.000) RuntimeGrid:None EditorOnly:0 RuntimeOnly:0 HLODRelevant:0
 |   |   |- [+] [ 38]
 |   |   |   |- Guid:74CF56AD4A234AF4246FA3971D7E6048 BaseClass:/Game/Enemies/Turtle/BP_Turtle.BP_Turtle_C NativeClass:/Script/Engine.Character Name:BP_Turtle_C_UAID_5811228F7DE100BB01_1390496633 Label:BP_Turtle4 SpatiallyLoaded:1 Bounds:IsValid=true, Min=(X=5422.409 Y=2566.000 Z=-0.146), Max=(X=5494.000 Y=2634.000 Z=180.336) RuntimeGrid:None EditorOnly:0 RuntimeOnly:0 HLODRelevant:0
 |   |   |- [+] [ 39]
 |   |   |   |- Guid:AA2DEA5D4403ADBC66994CB9FAAA6637 BaseClass:/Game/Enemies/Turtle/BP_Turtle.BP_Turtle_C NativeClass:/Script/Engine.Character Name:BP_Turtle_C_UAID_5811228F7DE103BB01_1206194165 Label:BP_Turtle8 SpatiallyLoaded:1 Bounds:IsValid=true, Min=(X=5592.409 Y=936.000 Z=-0.146), Max=(X=5664.000 Y=1004.000 Z=180.336) RuntimeGrid:None EditorOnly:0 RuntimeOnly:0 HLODRelevant:0
 |   |   |- [+] [ 40]
 |   |   |   |- Guid:CCFF262C46EEFFDF319E7F9539CE697E BaseClass: NativeClass:/Script/Engine.SkyAtmosphere Name:SkyAtmosphere_0 Label:SkyAtmosphere SpatiallyLoaded:0 Bounds:IsValid=true, Min=(X=0.000 Y=0.000 Z=1020.000), Max=(X=0.000 Y=0.000 Z=1020.000) RuntimeGrid:None EditorOnly:0 RuntimeOnly:0 HLODRelevant:0 FolderPath:Lighting FolderGuid:963EC3EB4002CCE9759E2EBA541A873A
 |   |   |- [+] [ 41]
 |   |   |   |- Guid:D5AA66C6414E1558BD546D800AFAC54B BaseClass: NativeClass:/Script/Engine.StaticMeshActor Name:StaticMeshActor_UAID_5811228F7DE10CBB01_1439496752 Label:Cylinder8 SpatiallyLoaded:1 Bounds:IsValid=true, Min=(X=3740.000 Y=2140.000 Z=0.000), Max=(X=3840.000 Y=2240.000 Z=200.000) RuntimeGrid:None EditorOnly:0 RuntimeOnly:0 HLODRelevant:0
 |   |   |- [+] [ 42]
 |   |   |   |- Guid:4D3BE93F4146AAAC8BBE79999D96D57F BaseClass: NativeClass:/Script/Engine.VolumetricCloud Name:VolumetricCloud_0 Label:VolumetricCloud SpatiallyLoaded:0 Bounds:IsValid=true, Min=(X=0.000 Y=0.000 Z=820.000), Max=(X=0.000 Y=0.000 Z=820.000) RuntimeGrid:None EditorOnly:0 RuntimeOnly:0 HLODRelevant:0 FolderPath:Lighting FolderGuid:963EC3EB4002CCE9759E2EBA541A873A
 |   |   |- [+] [ 43]
 |   |   |   |- Guid:6E3CE32146DCD1CBC7159E9398CB2E3E BaseClass:/Game/Enemies/Turtle/BP_Turtle.BP_Turtle_C NativeClass:/Script/Engine.Character Name:BP_Turtle_C_UAID_5811228F7DE100BB01_1392044634 Label:BP_Turtle5 SpatiallyLoaded:1 Bounds:IsValid=true, Min=(X=5582.409 Y=2576.000 Z=230.000), Max=(X=5654.000 Y=2644.000 Z=413.336) RuntimeGrid:None EditorOnly:0 RuntimeOnly:0 HLODRelevant:0
 |   |   |- [+] [ 44]
 |   |   |   |- Guid:316CF2A6494ACA4C0E4180A87D36AB8F BaseClass: NativeClass:/Script/Engine.ExponentialHeightFog Name:ExponentialHeightFog_0 Label:ExponentialHeightFog SpatiallyLoaded:0 Bounds:IsValid=true, Min=(X=-5600.000 Y=-50.000 Z=-6850.000), Max=(X=-5600.000 Y=-50.000 Z=-6850.000) RuntimeGrid:None EditorOnly:0 RuntimeOnly:0 HLODRelevant:0 FolderPath:Lighting FolderGuid:963EC3EB4002CCE9759E2EBA541A873A
 |   |   |- [+] [ 45]
 |   |   |   |- Guid:2E465FD64E6DD053292653B03CB0A85A BaseClass: NativeClass:/Script/Engine.StaticMeshActor Name:StaticMeshActor_UAID_C8D9D2230D04BBB501_1416397207 Label:SM_Cube7 SpatiallyLoaded:1 Bounds:IsValid=true, Min=(X=2900.000 Y=100.000 Z=0.000), Max=(X=3000.000 Y=1600.000 Z=400.000) RuntimeGrid:None EditorOnly:0 RuntimeOnly:0 HLODRelevant:1 FolderPath:Playground FolderGuid:C73F09FC4215536B1DCE2A9E0A830C70
 |   |   |- [+] [ 46]
 |   |   |   |- Guid:84EA47B348A62C34AEF3319483AE7D5A BaseClass:/Game/Items/Rings/Parents/BP_PickupRing.BP_PickupRing_C NativeClass:/Script/Engine.Actor Name:BP_PickupRing_C_UAID_C8D9D21AD9BE66BA01_1733537529 Label:BP_PickupRing SpatiallyLoaded:1 Bounds:IsValid=true, Min=(X=1265.000 Y=1015.000 Z=25.000), Max=(X=1315.000 Y=1065.000 Z=75.000) RuntimeGrid:None EditorOnly:0 RuntimeOnly:0 HLODRelevant:0
 |   |   |- [+] [ 47]
 |   |   |   |- Guid:94F6D9A645798F5BAD0B58BEED8F27F5 BaseClass: NativeClass:/Script/Engine.StaticMeshActor Name:StaticMeshActor_32 Label:SM_QuarterCylinder11 SpatiallyLoaded:1 Bounds:IsValid=true, Min=(X=2200.000 Y=700.000 Z=-0.000), Max=(X=2400.000 Y=900.000 Z=100.000) RuntimeGrid:None EditorOnly:0 RuntimeOnly:0 HLODRelevant:1 FolderPath:Cylinder FolderGuid:D075E5BA49330D3EC2503D81A7CF88D1
 |   |   |- [+] [ 48]
 |   |   |   |- Guid:ECC9BAAB48E8E4CAF5B41B8BE8D0FB31 BaseClass: NativeClass:/Script/Engine.StaticMeshActor Name:StaticMeshActor_UAID_5811228F7DE10CBB01_1431539750 Label:Cylinder6 SpatiallyLoaded:1 Bounds:IsValid=true, Min=(X=2540.000 Y=2730.000 Z=0.000), Max=(X=2640.000 Y=2830.000 Z=200.000) RuntimeGrid:None EditorOnly:0 RuntimeOnly:0 HLODRelevant:0
 |   |   |- [+] [ 49]
 |   |   |   |- Guid:5E4DB4154690C8B4EB14EAA9E92FAAFF BaseClass: NativeClass:/Script/Engine.StaticMeshActor Name:StaticMeshActor_33 Label:SM_QuarterCylinder12 SpatiallyLoaded:1 Bounds:IsValid=true, Min=(X=2000.000 Y=700.000 Z=0.000), Max=(X=2200.000 Y=900.000 Z=100.000) RuntimeGrid:None EditorOnly:0 RuntimeOnly:0 HLODRelevant:1 FolderPath:Cylinder FolderGuid:D075E5BA49330D3EC2503D81A7CF88D1
 |- ContainerInstances:
 |- [+] MainContainer:
 |   |-        ID: 0x0000000000000000
 |   |-    Bounds: IsValid=false, Min=(X=0.000 Y=0.000 Z=0.000), Max=(X=0.000 Y=0.000 Z=0.000)
 |   |- Transform: 0.000000,0.000000,0.000000|0.000000,0.000000,-0.000000|1.000000,1.000000,1.000000
 |   |- Container: /Game/Maps/Sandbox
----------------------------------------------------------------------------------------------------------------
Sandbox - Persistent Level
----------------------------------------------------------------------------------------------------------------
Always loaded Actor Count: 57 

----------------------------------------------------------------------------------------------------------------
Sandbox - Runtime Spatial Hash - Streaming Grid - MainGrid
----------------------------------------------------------------------------------------------------------------
            Origin: X=0.000 Y=0.000 Z=0.000
         Cell Size: 12800
      World Bounds: IsValid=false, Min=(X=0.000 Y=0.000 Z=0.000), Max=(X=0.000 Y=0.000 Z=0.000)
     Loading Range: 25600.00
Block Slow Loading: No
 ClientOnlyVisible: No

[+] Grid Levels: 1
 |- Level  0: Cell Count    0 | Cell Size   12800 | Actor Count    0 (0.0%)

[+] Content of Grid Level 0

