[+] Containers:
 |- [+] Container: /Game/Maps/Sandbox
 |   |- [+] ActorDescs:
 |   |   |- Guid:0D1D4F1A48A9DA60D58E79AEED0A6B05 BaseClass:/Game/Enemies/Turtle/BP_Turtle.BP_Turtle_C NativeClass:/Script/Engine.Character Name:BP_Turtle_C_UAID_5811228F7DE103BB01_1203694164 Label:BP_Turtle7 SpatiallyLoaded:1 Bounds:IsValid=true, Min=(X=5380.000 Y=1093.637 Z=-19.038), Max=(X=5480.000 Y=1372.541 Z=188.000) RuntimeGrid:None EditorOnly:0 RuntimeOnly:0 HLODRelevant:0
 |   |   |- Guid:0FAC87A14C335BAB10D94E9C0D4D6453 BaseClass: NativeClass:/Script/Engine.StaticMeshActor Name:StaticMeshActor_UAID_5811228F7DE14DC201_1622558579 Label:SM_SkySphere2 SpatiallyLoaded:0 Bounds:IsValid=true, Min=(X=-1638390.000 Y=-1638390.000 Z=-1638400.000), Max=(X=1638410.000 Y=1638410.000 Z=1638400.000) RuntimeGrid:None EditorOnly:0 RuntimeOnly:0 HLODRelevant:1 FolderPath:Lighting FolderGuid:963EC3EB4002CCE9759E2EBA541A873A
 |   |   |- Guid:15B7659B4F6ACC1C29CC519B22546F72 BaseClass: NativeClass:/Script/Engine.StaticMeshActor Name:StaticMeshActor_UAID_5811228F7DE14DC201_1645755581 Label:SM_SkySphere4 SpatiallyLoaded:0 Bounds:IsValid=true, Min=(X=-1638390.000 Y=-1638390.000 Z=-1638400.000), Max=(X=1638410.000 Y=1638410.000 Z=1638400.000) RuntimeGrid:None EditorOnly:0 RuntimeOnly:0 HLODRelevant:1 FolderPath:Lighting FolderGuid:963EC3EB4002CCE9759E2EBA541A873A
 |   |   |- Guid:1606073B45C0C8398E231A9BFF32D3C4 BaseClass: NativeClass:/Script/NavigationSystem.RecastNavMesh Name:RecastNavMesh_UAID_C8D9D2230D04BBB501-Default Label:RecastNavMesh-Default SpatiallyLoaded:0 Bounds:IsValid=true, Min=(X=0.000 Y=0.000 Z=0.000), Max=(X=0.000 Y=0.000 Z=0.000) RuntimeGrid:None EditorOnly:0 RuntimeOnly:0 HLODRelevant:0
 |   |   |- Guid:1A789DC8415097E9856E5DB60740F01D BaseClass: NativeClass:/Script/Engine.StaticMeshActor Name:StaticMeshActor_34 Label:SM_QuarterCylinder13 SpatiallyLoaded:1 Bounds:IsValid=true, Min=(X=2000.000 Y=500.000 Z=0.000), Max=(X=2200.000 Y=700.000 Z=100.000) RuntimeGrid:None EditorOnly:0 RuntimeOnly:0 HLODRelevant:1 FolderPath:Cylinder FolderGuid:D075E5BA49330D3EC2503D81A7CF88D1
 |   |   |- Guid:2CC3EB8F436403632EF96CB9E3DA488C BaseClass: NativeClass:/Script/Engine.StaticMeshActor Name:StaticMeshActor_UAID_5811228F7DE14DC201_1688701585 Label:Cylinder17 SpatiallyLoaded:1 Bounds:IsValid=true, Min=(X=3440.000 Y=1040.000 Z=0.000), Max=(X=3540.000 Y=1140.000 Z=200.000) RuntimeGrid:None EditorOnly:0 RuntimeOnly:0 HLODRelevant:0
 |   |   |- Guid:2E465FD64E6DD053292653B03CB0A85A BaseClass: NativeClass:/Script/Engine.StaticMeshActor Name:StaticMeshActor_UAID_C8D9D2230D04BBB501_1416397207 Label:SM_Cube7 SpatiallyLoaded:1 Bounds:IsValid=true, Min=(X=2900.000 Y=100.000 Z=0.000), Max=(X=3000.000 Y=1600.000 Z=400.000) RuntimeGrid:None EditorOnly:0 RuntimeOnly:0 HLODRelevant:1 FolderPath:Playground FolderGuid:C73F09FC4215536B1DCE2A9E0A830C70
 |   |   |- Guid:2FB58999456391D349DC0F86DAC136ED BaseClass: NativeClass:/Script/Engine.SkyLight Name:SkyLight_1 Label:SkyLight SpatiallyLoaded:0 Bounds:IsValid=true, Min=(X=0.000 Y=0.000 Z=690.000), Max=(X=0.000 Y=0.000 Z=690.000) RuntimeGrid:None EditorOnly:0 RuntimeOnly:0 HLODRelevant:0 FolderPath:Lighting FolderGuid:963EC3EB4002CCE9759E2EBA541A873A
 |   |   |- Guid:316CF2A6494ACA4C0E4180A87D36AB8F BaseClass: NativeClass:/Script/Engine.ExponentialHeightFog Name:ExponentialHeightFog_0 Label:ExponentialHeightFog SpatiallyLoaded:0 Bounds:IsValid=true, Min=(X=-5600.000 Y=-50.000 Z=-6850.000), Max=(X=-5600.000 Y=-50.000 Z=-6850.000) RuntimeGrid:None EditorOnly:0 RuntimeOnly:0 HLODRelevant:0 FolderPath:Lighting FolderGuid:963EC3EB4002CCE9759E2EBA541A873A
 |   |   |- Guid:325B686145575F53A7050A91630891A9 BaseClass: NativeClass:/Script/NavigationSystem.NavMeshBoundsVolume Name:NavMeshBoundsVolume_UAID_C8D9D2230D043FC301_1130566167 Label:NavMeshBoundsVolume2 SpatiallyLoaded:0 Bounds:IsValid=true, Min=(X=138.047 Y=-95.000 Z=-10.000), Max=(X=2661.953 Y=3555.000 Z=190.000) RuntimeGrid:None EditorOnly:0 RuntimeOnly:0 HLODRelevant:0
 |   |   |- Guid:3764F48C4C46E0427EDFAB82C2724C3D BaseClass: NativeClass:/Script/Engine.StaticMeshActor Name:StaticMeshActor_UAID_C8D9D2230D04BBB501_1447557208 Label:SM_Cube8 SpatiallyLoaded:1 Bounds:IsValid=true, Min=(X=2900.000 Y=1900.000 Z=0.000), Max=(X=3000.000 Y=3400.000 Z=400.000) RuntimeGrid:None EditorOnly:0 RuntimeOnly:0 HLODRelevant:1 FolderPath:Playground FolderGuid:C73F09FC4215536B1DCE2A9E0A830C70
 |   |   |- Guid:3A00AA1C422CE54C0BDB60BAF471BFBB BaseClass: NativeClass:/Script/Engine.PlayerStart Name:PlayerStart_0 Label:PlayerStart SpatiallyLoaded:0 Bounds:IsValid=true, Min=(X=1223.431 Y=1163.431 Z=40.013), Max=(X=1336.569 Y=1276.569 Z=224.013) RuntimeGrid:None EditorOnly:0 RuntimeOnly:0 HLODRelevant:0
 |   |   |- Guid:3A185E8D48EE3EBB5C25548436A807C9 BaseClass: NativeClass:/Script/Engine.StaticMeshActor Name:StaticMeshActor_UAID_5811228F7DE14DC201_1679502584 Label:Cylinder16 SpatiallyLoaded:1 Bounds:IsValid=true, Min=(X=4600.000 Y=2490.000 Z=0.000), Max=(X=4700.000 Y=2590.000 Z=200.000) RuntimeGrid:None EditorOnly:0 RuntimeOnly:0 HLODRelevant:0
 |   |   |- Guid:3D8A12334FA19DA59EE4839E79032251 BaseClass:/Game/Items/Rings/Parents/BP_PickupRing.BP_PickupRing_C NativeClass:/Script/Engine.Actor Name:BP_PickupRing_C_UAID_5811228F7DE1A9C201_1812572768 Label:BP_PickupRing SpatiallyLoaded:1 Bounds:IsValid=true, Min=(X=1250.000 Y=810.000 Z=-50.000), Max=(X=1410.000 Y=970.000 Z=50.000) RuntimeGrid:None EditorOnly:0 RuntimeOnly:0 HLODRelevant:0
 |   |   |- Guid:400726F14C27F45FC807129E2D2563E1 BaseClass:/Game/Enemies/Turtle/BP_Turtle.BP_Turtle_C NativeClass:/Script/Engine.Character Name:BP_Turtle_C_UAID_5811228F7DE100BB01_1386946631 Label:BP_Turtle2 SpatiallyLoaded:1 Bounds:IsValid=true, Min=(X=5380.000 Y=1973.637 Z=-19.038), Max=(X=5480.000 Y=2252.541 Z=188.000) RuntimeGrid:None EditorOnly:0 RuntimeOnly:0 HLODRelevant:0
 |   |   |- Guid:41062DCF48B5B8A4A935F4B1BC8F26C1 BaseClass: NativeClass:/Script/Engine.StaticMeshActor Name:StaticMeshActor_UAID_5811228F7DE14DC201_1668319582 Label:Cylinder14 SpatiallyLoaded:1 Bounds:IsValid=true, Min=(X=4440.000 Y=1420.000 Z=0.000), Max=(X=4540.000 Y=1520.000 Z=200.000) RuntimeGrid:None EditorOnly:0 RuntimeOnly:0 HLODRelevant:0
 |   |   |- Guid:43815E84492231AFC407F59E3C28176B BaseClass: NativeClass:/Script/Engine.StaticMeshActor Name:StaticMeshActor_4 Label:SM_Cube6 SpatiallyLoaded:1 Bounds:IsValid=true, Min=(X=6400.000 Y=100.000 Z=0.000), Max=(X=6500.000 Y=3400.000 Z=400.000) RuntimeGrid:None EditorOnly:0 RuntimeOnly:0 HLODRelevant:1 FolderPath:Playground FolderGuid:C73F09FC4215536B1DCE2A9E0A830C70
 |   |   |- Guid:4A02D22F4079C7BAC59C8E8AC1CA6044 BaseClass: NativeClass:/Script/Engine.StaticMeshActor Name:StaticMeshActor_UAID_5811228F7DE14DC201_1791962591 Label:Cylinder3 SpatiallyLoaded:1 Bounds:IsValid=true, Min=(X=4720.000 Y=1880.000 Z=0.000), Max=(X=4820.000 Y=1980.000 Z=200.000) RuntimeGrid:None EditorOnly:0 RuntimeOnly:0 HLODRelevant:0
 |   |   |- Guid:4D3BE93F4146AAAC8BBE79999D96D57F BaseClass: NativeClass:/Script/Engine.VolumetricCloud Name:VolumetricCloud_0 Label:VolumetricCloud SpatiallyLoaded:0 Bounds:IsValid=true, Min=(X=0.000 Y=0.000 Z=820.000), Max=(X=0.000 Y=0.000 Z=820.000) RuntimeGrid:None EditorOnly:0 RuntimeOnly:0 HLODRelevant:0 FolderPath:Lighting FolderGuid:963EC3EB4002CCE9759E2EBA541A873A
 |   |   |- Guid:4F54BE244A701720FF252CA7352A4080 BaseClass: NativeClass:/Script/Engine.StaticMeshActor Name:StaticMeshActor_UAID_5811228F7DE14DC201_1707129586 Label:Cylinder18 SpatiallyLoaded:1 Bounds:IsValid=true, Min=(X=3740.000 Y=1450.000 Z=0.000), Max=(X=3840.000 Y=1550.000 Z=200.000) RuntimeGrid:None EditorOnly:0 RuntimeOnly:0 HLODRelevant:0
 |   |   |- Guid:4F927FB14CDCC2F0CD11C380EC85D462 BaseClass: NativeClass:/Script/Engine.StaticMeshActor Name:StaticMeshActor_UAID_5811228F7DE14DC201_1806247596 Label:Cylinder8 SpatiallyLoaded:1 Bounds:IsValid=true, Min=(X=5560.000 Y=740.000 Z=0.000), Max=(X=5660.000 Y=840.000 Z=200.000) RuntimeGrid:None EditorOnly:0 RuntimeOnly:0 HLODRelevant:0
 |   |   |- Guid:555DC5334FB478DEDDC718B3DB947032 BaseClass:/Game/Enemies/Turtle/BP_Turtle.BP_Turtle_C NativeClass:/Script/Engine.Character Name:BP_Turtle_C_UAID_C8D9D2230D04BDB501_1622281565 Label:BP_Turtle SpatiallyLoaded:1 Bounds:IsValid=true, Min=(X=5370.000 Y=1603.637 Z=-19.038), Max=(X=5470.000 Y=1882.541 Z=188.000) RuntimeGrid:None EditorOnly:0 RuntimeOnly:0 HLODRelevant:0
 |   |   |- Guid:5B97F4A64FB21F77EFC44386BF705B4C BaseClass: NativeClass:/Script/Engine.TextRenderActor Name:TextRenderActor_1 Label:TextRenderActor SpatiallyLoaded:1 Bounds:IsValid=true, Min=(X=-0.100 Y=1100.000 Z=65.013), Max=(X=-0.100 Y=2392.308 Z=215.013) RuntimeGrid:None EditorOnly:0 RuntimeOnly:0 HLODRelevant:0
 |   |   |- Guid:5BF485AC4274E5035FC867A0766B7A4C BaseClass: NativeClass:/Script/Engine.StaticMeshActor Name:StaticMeshActor_UAID_5811228F7DE14DC201_1788239590 Label:Cylinder2 SpatiallyLoaded:1 Bounds:IsValid=true, Min=(X=5680.000 Y=1720.000 Z=0.000), Max=(X=5780.000 Y=1820.000 Z=200.000) RuntimeGrid:None EditorOnly:0 RuntimeOnly:0 HLODRelevant:0
 |   |   |- Guid:5E4DB4154690C8B4EB14EAA9E92FAAFF BaseClass: NativeClass:/Script/Engine.StaticMeshActor Name:StaticMeshActor_33 Label:SM_QuarterCylinder12 SpatiallyLoaded:1 Bounds:IsValid=true, Min=(X=2000.000 Y=700.000 Z=0.000), Max=(X=2200.000 Y=900.000 Z=100.000) RuntimeGrid:None EditorOnly:0 RuntimeOnly:0 HLODRelevant:1 FolderPath:Cylinder FolderGuid:D075E5BA49330D3EC2503D81A7CF88D1
 |   |   |- Guid:6B4A11514A83E2A3681AD1BDC2372163 BaseClass:/Game/Enemies/Turtle/BP_Turtle.BP_Turtle_C NativeClass:/Script/Engine.Character Name:BP_Turtle_C_UAID_C8D9D2230D042CC301_2093974823 Label:BP_Turtle10 SpatiallyLoaded:1 Bounds:IsValid=true, Min=(X=1490.000 Y=1983.637 Z=-19.038), Max=(X=1590.000 Y=2262.541 Z=188.000) RuntimeGrid:None EditorOnly:0 RuntimeOnly:0 HLODRelevant:0
 |   |   |- Guid:6BAF4DDD444C60371492D3919DB42C97 BaseClass: NativeClass:/Script/Engine.WorldDataLayers Name:WorldDataLayers Label:WorldDataLayers SpatiallyLoaded:0 Bounds:IsValid=true, Min=(X=0.000 Y=0.000 Z=0.000), Max=(X=0.000 Y=0.000 Z=0.000) RuntimeGrid:None EditorOnly:0 RuntimeOnly:0 HLODRelevant:0
 |   |   |- Guid:6C0A922246AAC72B3E425E8ADFD3153C BaseClass: NativeClass:/Script/Engine.StaticMeshActor Name:StaticMeshActor_UAID_5811228F7DE14DC201_1671446583 Label:Cylinder15 SpatiallyLoaded:1 Bounds:IsValid=true, Min=(X=4860.000 Y=1030.000 Z=0.000), Max=(X=4960.000 Y=1130.000 Z=200.000) RuntimeGrid:None EditorOnly:0 RuntimeOnly:0 HLODRelevant:0
 |   |   |- Guid:6D1D108C4B206D6AB1169AAC9EB2BAF9 BaseClass: NativeClass:/Script/NavigationSystem.NavMeshBoundsVolume Name:NavMeshBoundsVolume_UAID_C8D9D2230D04BBB501_1798833209 Label:NavMeshBoundsVolume SpatiallyLoaded:0 Bounds:IsValid=true, Min=(X=2920.000 Y=-105.000 Z=-10.000), Max=(X=6820.000 Y=3545.000 Z=190.000) RuntimeGrid:None EditorOnly:0 RuntimeOnly:0 HLODRelevant:0
 |   |   |- Guid:6F7C34474838432118E09292A2A66BA4 BaseClass:/Game/Enemies/Turtle/BP_Turtle.BP_Turtle_C NativeClass:/Script/Engine.Character Name:BP_Turtle_C_UAID_5811228F7DE100BB01_1389185632 Label:BP_Turtle3 SpatiallyLoaded:1 Bounds:IsValid=true, Min=(X=5370.000 Y=2233.637 Z=-19.038), Max=(X=5470.000 Y=2512.541 Z=188.000) RuntimeGrid:None EditorOnly:0 RuntimeOnly:0 HLODRelevant:0
 |   |   |- Guid:701F139C45EE29FEB241C08F2BF17667 BaseClass: NativeClass:/Script/Engine.StaticMeshActor Name:StaticMeshActor_UAID_5811228F7DE14DC201_1765510589 Label:Cylinder21 SpatiallyLoaded:1 Bounds:IsValid=true, Min=(X=4220.000 Y=1330.000 Z=0.000), Max=(X=4320.000 Y=1430.000 Z=200.000) RuntimeGrid:None EditorOnly:0 RuntimeOnly:0 HLODRelevant:0
 |   |   |- Guid:74CF56AD4A234AF4246FA3971D7E6048 BaseClass:/Game/Enemies/Turtle/BP_Turtle.BP_Turtle_C NativeClass:/Script/Engine.Character Name:BP_Turtle_C_UAID_5811228F7DE100BB01_1390496633 Label:BP_Turtle4 SpatiallyLoaded:1 Bounds:IsValid=true, Min=(X=5410.000 Y=2473.637 Z=-19.038), Max=(X=5510.000 Y=2752.541 Z=188.000) RuntimeGrid:None EditorOnly:0 RuntimeOnly:0 HLODRelevant:0
 |   |   |- Guid:76739A4245B96BA941B97CA71A7DABBE BaseClass:/Game/Items/Skills/Parentss/BP_PickupSkill.BP_PickupSkill_C NativeClass:/Script/Engine.Actor Name:BP_PickupSkill_C_UAID_C8D9D21AD9BE65BA01_1919983351 Label:BP_PickupSkill SpatiallyLoaded:1 Bounds:IsValid=true, Min=(X=1030.000 Y=960.000 Z=0.000), Max=(X=1190.000 Y=1120.000 Z=100.000) RuntimeGrid:None EditorOnly:0 RuntimeOnly:0 HLODRelevant:0
 |   |   |- Guid:7C172A0740B33B6D38EEF38A63E0B945 BaseClass: NativeClass:/Script/Engine.StaticMeshActor Name:StaticMeshActor_3 Label:SM_Ramp SpatiallyLoaded:1 Bounds:IsValid=true, Min=(X=1505.000 Y=600.000 Z=0.000), Max=(X=2030.000 Y=800.000 Z=98.451) RuntimeGrid:None EditorOnly:0 RuntimeOnly:0 HLODRelevant:1
 |   |   |- Guid:7EF6C5E44CFF5F747A63CC9BC67BFA52 BaseClass:/Game/Items/Weapons/Parents/BP_PickupWeapon.BP_PickupWeapon_C NativeClass:/Script/Engine.Actor Name:BP_PickupWeapon_C_UAID_5811228F7DE14BB301_1308378383 Label:BP_PickupWeapon SpatiallyLoaded:1 Bounds:IsValid=true, Min=(X=785.966 Y=1085.712 Z=-46.995), Max=(X=1014.034 Y=1314.288 Z=126.995) RuntimeGrid:None EditorOnly:0 RuntimeOnly:0 HLODRelevant:0
 |   |   |- Guid:8357E1114429C65A1A79159C22C06689 BaseClass: NativeClass:/Script/Engine.StaticMeshActor Name:StaticMeshActor_UAID_5811228F7DE10CBB01_1382464744 Label:Cylinder SpatiallyLoaded:1 Bounds:IsValid=true, Min=(X=4570.000 Y=1450.000 Z=0.000), Max=(X=4570.000 Y=1450.000 Z=0.000) RuntimeGrid:None EditorOnly:0 RuntimeOnly:0 HLODRelevant:0
 |   |   |- Guid:84EA47B348A62C34AEF3319483AE7D5A BaseClass:/Game/Items/Rings/Parents/BP_PickupRing.BP_PickupRing_C NativeClass:/Script/Engine.Actor Name:BP_PickupRing_C_UAID_C8D9D21AD9BE66BA01_1733537529 Label:BP_PickupRing SpatiallyLoaded:1 Bounds:IsValid=true, Min=(X=1230.000 Y=790.000 Z=0.000), Max=(X=1390.000 Y=950.000 Z=100.000) RuntimeGrid:None EditorOnly:0 RuntimeOnly:0 HLODRelevant:0
 |   |   |- Guid:85648BD34B31687688954BB4DF71A393 BaseClass: NativeClass:/Script/Engine.StaticMeshActor Name:StaticMeshActor_UAID_5811228F7DE14DC201_1757020588 Label:Cylinder20 SpatiallyLoaded:1 Bounds:IsValid=true, Min=(X=4210.000 Y=1050.000 Z=0.000), Max=(X=4310.000 Y=1150.000 Z=200.000) RuntimeGrid:None EditorOnly:0 RuntimeOnly:0 HLODRelevant:0
 |   |   |- Guid:8BC95BB843DBDF2CFF99749F9633A12A BaseClass: NativeClass:/Script/Engine.StaticMeshActor Name:StaticMeshActor_UAID_5811228F7DE14DC201_1798880594 Label:Cylinder6 SpatiallyLoaded:1 Bounds:IsValid=true, Min=(X=5580.000 Y=2510.000 Z=0.000), Max=(X=5680.000 Y=2610.000 Z=200.000) RuntimeGrid:None EditorOnly:0 RuntimeOnly:0 HLODRelevant:0
 |   |   |- Guid:933952FF464B492655A175863B02A160 BaseClass:/Game/Enemies/Turtle/BP_Turtle.BP_Turtle_C NativeClass:/Script/Engine.Character Name:BP_Turtle_C_UAID_5811228F7DE103BB01_1211548166 Label:BP_Turtle9 SpatiallyLoaded:1 Bounds:IsValid=true, Min=(X=5590.000 Y=553.637 Z=-19.038), Max=(X=5690.000 Y=832.541 Z=188.000) RuntimeGrid:None EditorOnly:0 RuntimeOnly:0 HLODRelevant:0
 |   |   |- Guid:94F6D9A645798F5BAD0B58BEED8F27F5 BaseClass: NativeClass:/Script/Engine.StaticMeshActor Name:StaticMeshActor_32 Label:SM_QuarterCylinder11 SpatiallyLoaded:1 Bounds:IsValid=true, Min=(X=2200.000 Y=700.000 Z=-0.000), Max=(X=2400.000 Y=900.000 Z=100.000) RuntimeGrid:None EditorOnly:0 RuntimeOnly:0 HLODRelevant:1 FolderPath:Cylinder FolderGuid:D075E5BA49330D3EC2503D81A7CF88D1
 |   |   |- Guid:94F91B6F4DD673D514C6B3B7F08B5486 BaseClass:/Game/Items/Skills/Parentss/BP_PickupSkill.BP_PickupSkill_C NativeClass:/Script/Engine.Actor Name:BP_PickupSkill_C_UAID_5811228F7DE105C201_1917309906 Label:BP_PickupSkill3 SpatiallyLoaded:1 Bounds:IsValid=true, Min=(X=900.000 Y=830.000 Z=0.000), Max=(X=1060.000 Y=990.000 Z=100.000) RuntimeGrid:None EditorOnly:0 RuntimeOnly:0 HLODRelevant:0
 |   |   |- Guid:A56216954B2165CF0F35A886B537D536 BaseClass: NativeClass:/Script/Engine.StaticMeshActor Name:StaticMeshActor_0 Label:SM_Cube5 SpatiallyLoaded:1 Bounds:IsValid=true, Min=(X=-0.000 Y=100.000 Z=0.000), Max=(X=100.000 Y=3400.000 Z=400.000) RuntimeGrid:None EditorOnly:0 RuntimeOnly:0 HLODRelevant:1 FolderPath:Playground FolderGuid:C73F09FC4215536B1DCE2A9E0A830C70
 |   |   |- Guid:AA2DEA5D4403ADBC66994CB9FAAA6637 BaseClass:/Game/Enemies/Turtle/BP_Turtle.BP_Turtle_C NativeClass:/Script/Engine.Character Name:BP_Turtle_C_UAID_5811228F7DE103BB01_1206194165 Label:BP_Turtle8 SpatiallyLoaded:1 Bounds:IsValid=true, Min=(X=5580.000 Y=843.637 Z=-19.038), Max=(X=5680.000 Y=1122.541 Z=188.000) RuntimeGrid:None EditorOnly:0 RuntimeOnly:0 HLODRelevant:0
 |   |   |- Guid:AC5A6DC74A5257623779C8B81A38BB88 BaseClass: NativeClass:/Script/Engine.StaticMeshActor Name:StaticMeshActor_UAID_5811228F7DE14DC201_1796518593 Label:Cylinder5 SpatiallyLoaded:1 Bounds:IsValid=true, Min=(X=4130.000 Y=2660.000 Z=0.000), Max=(X=4230.000 Y=2760.000 Z=200.000) RuntimeGrid:None EditorOnly:0 RuntimeOnly:0 HLODRelevant:0
 |   |   |- Guid:B133E158403C48826A5AE891A083D6EF BaseClass:/Game/Items/Skills/Parentss/BP_PickupSkill.BP_PickupSkill_C NativeClass:/Script/Engine.Actor Name:BP_PickupSkill_C_UAID_5811228F7DE105C201_1919275907 Label:BP_PickupSkill4 SpatiallyLoaded:1 Bounds:IsValid=true, Min=(X=790.000 Y=660.000 Z=0.000), Max=(X=950.000 Y=820.000 Z=100.000) RuntimeGrid:None EditorOnly:0 RuntimeOnly:0 HLODRelevant:0
 |   |   |- Guid:B785ED2844B84CFB91E7F39FE661CD99 BaseClass: NativeClass:/Script/Engine.DirectionalLight Name:DirectionalLight_0 Label:DirectionalLight SpatiallyLoaded:0 Bounds:IsValid=true, Min=(X=-4398046511104.000 Y=-4398046511104.000 Z=-4398046511104.000), Max=(X=4398046511104.000 Y=4398046511104.000 Z=4398046511104.000) RuntimeGrid:None EditorOnly:0 RuntimeOnly:0 HLODRelevant:0 FolderPath:Lighting FolderGuid:963EC3EB4002CCE9759E2EBA541A873A
 |   |   |- Guid:BC08B79C4EA3C961CFF75EBBE83B367D BaseClass: NativeClass:/Script/Engine.StaticMeshActor Name:StaticMeshActor_5 Label:SM_Cube2 SpatiallyLoaded:1 Bounds:IsValid=true, Min=(X=0.000 Y=0.000 Z=0.000), Max=(X=6500.000 Y=100.000 Z=400.000) RuntimeGrid:None EditorOnly:0 RuntimeOnly:0 HLODRelevant:1 FolderPath:Playground FolderGuid:C73F09FC4215536B1DCE2A9E0A830C70
 |   |   |- Guid:BEC0A0D44F39C63B6CCB13BC32B7863B BaseClass: NativeClass:/Script/Engine.StaticMeshActor Name:StaticMeshActor_UAID_5811228F7DE14DC201_1718658587 Label:Cylinder19 SpatiallyLoaded:1 Bounds:IsValid=true, Min=(X=3850.000 Y=770.000 Z=0.000), Max=(X=3950.000 Y=870.000 Z=200.000) RuntimeGrid:None EditorOnly:0 RuntimeOnly:0 HLODRelevant:0
 |   |   |- Guid:C038709B473A51082E41C2AEDEAA7D31 BaseClass: NativeClass:/Script/Engine.StaticMeshActor Name:StaticMeshActor_UAID_5811228F7DE14DC201_1628414580 Label:SM_SkySphere3 SpatiallyLoaded:0 Bounds:IsValid=true, Min=(X=-1638390.000 Y=-1638390.000 Z=-1638400.000), Max=(X=1638410.000 Y=1638410.000 Z=1638400.000) RuntimeGrid:None EditorOnly:0 RuntimeOnly:0 HLODRelevant:1 FolderPath:Lighting FolderGuid:963EC3EB4002CCE9759E2EBA541A873A
 |   |   |- Guid:C07B6FE04202A93F53343F88A65310AB BaseClass:/Game/Enemies/Turtle/BP_Turtle.BP_Turtle_C NativeClass:/Script/Engine.Character Name:BP_Turtle_C_UAID_10E7C644B13595C301_1770407305 Label:BP_Turtle6 SpatiallyLoaded:1 Bounds:IsValid=true, Min=(X=5480.000 Y=2647.459 Z=-7.038), Max=(X=5580.000 Y=2926.363 Z=200.000) RuntimeGrid:None EditorOnly:0 RuntimeOnly:0 HLODRelevant:0
 |   |   |- Guid:C9F17BD54250735B6293F09B89D1DC0E BaseClass: NativeClass:/Script/Engine.StaticMeshActor Name:StaticMeshActor_UAID_5811228F7DE14DC201_1800659595 Label:Cylinder7 SpatiallyLoaded:1 Bounds:IsValid=true, Min=(X=5220.000 Y=1380.000 Z=0.000), Max=(X=5320.000 Y=1480.000 Z=200.000) RuntimeGrid:None EditorOnly:0 RuntimeOnly:0 HLODRelevant:0
 |   |   |- Guid:CCFF262C46EEFFDF319E7F9539CE697E BaseClass: NativeClass:/Script/Engine.SkyAtmosphere Name:SkyAtmosphere_0 Label:SkyAtmosphere SpatiallyLoaded:0 Bounds:IsValid=true, Min=(X=0.000 Y=0.000 Z=1020.000), Max=(X=0.000 Y=0.000 Z=1020.000) RuntimeGrid:None EditorOnly:0 RuntimeOnly:0 HLODRelevant:0 FolderPath:Lighting FolderGuid:963EC3EB4002CCE9759E2EBA541A873A
 |   |   |- Guid:D55E5A2F4825425041D164AAFB3809AE BaseClass: NativeClass:/Script/Engine.StaticMeshActor Name:StaticMeshActor_UAID_5811228F7DE14DC201_1794495592 Label:Cylinder4 SpatiallyLoaded:1 Bounds:IsValid=true, Min=(X=3670.000 Y=2210.000 Z=0.000), Max=(X=3770.000 Y=2310.000 Z=200.000) RuntimeGrid:None EditorOnly:0 RuntimeOnly:0 HLODRelevant:0
 |   |   |- Guid:DE3A079B4635A6D8D620CCBC6C0BB1C0 BaseClass: NativeClass:/Script/Engine.StaticMeshActor Name:StaticMeshActor_35 Label:SM_QuarterCylinder14 SpatiallyLoaded:1 Bounds:IsValid=true, Min=(X=2200.000 Y=500.000 Z=0.000), Max=(X=2400.000 Y=700.000 Z=100.000) RuntimeGrid:None EditorOnly:0 RuntimeOnly:0 HLODRelevant:1 FolderPath:Cylinder FolderGuid:D075E5BA49330D3EC2503D81A7CF88D1
 |   |   |- Guid:E39FBFC0408572E7B257F4854A753D38 BaseClass:/Game/Enemies/Turtle/BP_Turtle.BP_Turtle_C NativeClass:/Script/Engine.Character Name:BP_Turtle_C_UAID_10E7C644B13595C301_1767763304 Label:BP_Turtle5 SpatiallyLoaded:1 Bounds:IsValid=true, Min=(X=5380.000 Y=2587.459 Z=-7.038), Max=(X=5480.000 Y=2866.363 Z=200.000) RuntimeGrid:None EditorOnly:0 RuntimeOnly:0 HLODRelevant:0
 |   |   |- Guid:EC4E0C944CE6AC6E784BC6BB2916EA13 BaseClass: NativeClass:/Script/Engine.StaticMeshActor Name:StaticMeshActor_UAID_A4AE111137DC5EFB00_1110535423 Label:SM_SkySphere SpatiallyLoaded:0 Bounds:IsValid=true, Min=(X=-1638400.000 Y=-1638400.000 Z=-1638400.000), Max=(X=1638400.000 Y=1638400.000 Z=1638400.000) RuntimeGrid:None EditorOnly:0 RuntimeOnly:0 HLODRelevant:1 FolderPath:Lighting FolderGuid:963EC3EB4002CCE9759E2EBA541A873A
 |   |   |- Guid:F1924B8D48954B30891B2DB6A694F9CC BaseClass: NativeClass:/Script/Engine.StaticMeshActor Name:StaticMeshActor_1 Label:SM_Cube SpatiallyLoaded:1 Bounds:IsValid=true, Min=(X=0.000 Y=0.000 Z=-50.000), Max=(X=6500.000 Y=3500.000 Z=0.000) RuntimeGrid:None EditorOnly:0 RuntimeOnly:0 HLODRelevant:1 FolderPath:Playground FolderGuid:C73F09FC4215536B1DCE2A9E0A830C70
 |   |   |- Guid:F5E3FEB3450C49844FD93DA8E083C8AD BaseClass: NativeClass:/Script/Engine.PostProcessVolume Name:PostProcessVolume_0 Label:PostProcessVolume SpatiallyLoaded:0 Bounds:IsValid=true, Min=(X=0.000 Y=0.000 Z=400.000), Max=(X=200.000 Y=200.000 Z=600.000) RuntimeGrid:None EditorOnly:0 RuntimeOnly:0 HLODRelevant:0 FolderPath:Lighting FolderGuid:963EC3EB4002CCE9759E2EBA541A873A
 |   |   |- Guid:FF698C67459ADB4982D7759C0905EE9F BaseClass: NativeClass:/Script/Engine.StaticMeshActor Name:StaticMeshActor_6 Label:SM_Cube3 SpatiallyLoaded:1 Bounds:IsValid=true, Min=(X=0.000 Y=3400.000 Z=0.000), Max=(X=6500.000 Y=3500.000 Z=400.000) RuntimeGrid:None EditorOnly:0 RuntimeOnly:0 HLODRelevant:1 FolderPath:Playground FolderGuid:C73F09FC4215536B1DCE2A9E0A830C70
 |   |- [+] Clusters:
 |   |   |- [+] [  0]
 |   |   |   |- Guid:3D8A12334FA19DA59EE4839E79032251 BaseClass:/Game/Items/Rings/Parents/BP_PickupRing.BP_PickupRing_C NativeClass:/Script/Engine.Actor Name:BP_PickupRing_C_UAID_5811228F7DE1A9C201_1812572768 Label:BP_PickupRing SpatiallyLoaded:1 Bounds:IsValid=true, Min=(X=1250.000 Y=810.000 Z=-50.000), Max=(X=1410.000 Y=970.000 Z=50.000) RuntimeGrid:None EditorOnly:0 RuntimeOnly:0 HLODRelevant:0
 |   |   |- [+] [  1]
 |   |   |   |- Guid:7EF6C5E44CFF5F747A63CC9BC67BFA52 BaseClass:/Game/Items/Weapons/Parents/BP_PickupWeapon.BP_PickupWeapon_C NativeClass:/Script/Engine.Actor Name:BP_PickupWeapon_C_UAID_5811228F7DE14BB301_1308378383 Label:BP_PickupWeapon SpatiallyLoaded:1 Bounds:IsValid=true, Min=(X=785.966 Y=1085.712 Z=-46.995), Max=(X=1014.034 Y=1314.288 Z=126.995) RuntimeGrid:None EditorOnly:0 RuntimeOnly:0 HLODRelevant:0
 |   |   |- [+] [  2]
 |   |   |   |- Guid:C038709B473A51082E41C2AEDEAA7D31 BaseClass: NativeClass:/Script/Engine.StaticMeshActor Name:StaticMeshActor_UAID_5811228F7DE14DC201_1628414580 Label:SM_SkySphere3 SpatiallyLoaded:0 Bounds:IsValid=true, Min=(X=-1638390.000 Y=-1638390.000 Z=-1638400.000), Max=(X=1638410.000 Y=1638410.000 Z=1638400.000) RuntimeGrid:None EditorOnly:0 RuntimeOnly:0 HLODRelevant:1 FolderPath:Lighting FolderGuid:963EC3EB4002CCE9759E2EBA541A873A
 |   |   |- [+] [  3]
 |   |   |   |- Guid:6D1D108C4B206D6AB1169AAC9EB2BAF9 BaseClass: NativeClass:/Script/NavigationSystem.NavMeshBoundsVolume Name:NavMeshBoundsVolume_UAID_C8D9D2230D04BBB501_1798833209 Label:NavMeshBoundsVolume SpatiallyLoaded:0 Bounds:IsValid=true, Min=(X=2920.000 Y=-105.000 Z=-10.000), Max=(X=6820.000 Y=3545.000 Z=190.000) RuntimeGrid:None EditorOnly:0 RuntimeOnly:0 HLODRelevant:0
 |   |   |- [+] [  4]
 |   |   |   |- Guid:1606073B45C0C8398E231A9BFF32D3C4 BaseClass: NativeClass:/Script/NavigationSystem.RecastNavMesh Name:RecastNavMesh_UAID_C8D9D2230D04BBB501-Default Label:RecastNavMesh-Default SpatiallyLoaded:0 Bounds:IsValid=true, Min=(X=0.000 Y=0.000 Z=0.000), Max=(X=0.000 Y=0.000 Z=0.000) RuntimeGrid:None EditorOnly:0 RuntimeOnly:0 HLODRelevant:0
 |   |   |- [+] [  5]
 |   |   |   |- Guid:0D1D4F1A48A9DA60D58E79AEED0A6B05 BaseClass:/Game/Enemies/Turtle/BP_Turtle.BP_Turtle_C NativeClass:/Script/Engine.Character Name:BP_Turtle_C_UAID_5811228F7DE103BB01_1203694164 Label:BP_Turtle7 SpatiallyLoaded:1 Bounds:IsValid=true, Min=(X=5380.000 Y=1093.637 Z=-19.038), Max=(X=5480.000 Y=1372.541 Z=188.000) RuntimeGrid:None EditorOnly:0 RuntimeOnly:0 HLODRelevant:0
 |   |   |- [+] [  6]
 |   |   |   |- Guid:1A789DC8415097E9856E5DB60740F01D BaseClass: NativeClass:/Script/Engine.StaticMeshActor Name:StaticMeshActor_34 Label:SM_QuarterCylinder13 SpatiallyLoaded:1 Bounds:IsValid=true, Min=(X=2000.000 Y=500.000 Z=0.000), Max=(X=2200.000 Y=700.000 Z=100.000) RuntimeGrid:None EditorOnly:0 RuntimeOnly:0 HLODRelevant:1 FolderPath:Cylinder FolderGuid:D075E5BA49330D3EC2503D81A7CF88D1
 |   |   |- [+] [  7]
 |   |   |   |- Guid:2FB58999456391D349DC0F86DAC136ED BaseClass: NativeClass:/Script/Engine.SkyLight Name:SkyLight_1 Label:SkyLight SpatiallyLoaded:0 Bounds:IsValid=true, Min=(X=0.000 Y=0.000 Z=690.000), Max=(X=0.000 Y=0.000 Z=690.000) RuntimeGrid:None EditorOnly:0 RuntimeOnly:0 HLODRelevant:0 FolderPath:Lighting FolderGuid:963EC3EB4002CCE9759E2EBA541A873A
 |   |   |- [+] [  8]
 |   |   |   |- Guid:3A00AA1C422CE54C0BDB60BAF471BFBB BaseClass: NativeClass:/Script/Engine.PlayerStart Name:PlayerStart_0 Label:PlayerStart SpatiallyLoaded:0 Bounds:IsValid=true, Min=(X=1223.431 Y=1163.431 Z=40.013), Max=(X=1336.569 Y=1276.569 Z=224.013) RuntimeGrid:None EditorOnly:0 RuntimeOnly:0 HLODRelevant:0
 |   |   |- [+] [  9]
 |   |   |   |- Guid:F1924B8D48954B30891B2DB6A694F9CC BaseClass: NativeClass:/Script/Engine.StaticMeshActor Name:StaticMeshActor_1 Label:SM_Cube SpatiallyLoaded:1 Bounds:IsValid=true, Min=(X=0.000 Y=0.000 Z=-50.000), Max=(X=6500.000 Y=3500.000 Z=0.000) RuntimeGrid:None EditorOnly:0 RuntimeOnly:0 HLODRelevant:1 FolderPath:Playground FolderGuid:C73F09FC4215536B1DCE2A9E0A830C70
 |   |   |- [+] [ 10]
 |   |   |   |- Guid:43815E84492231AFC407F59E3C28176B BaseClass: NativeClass:/Script/Engine.StaticMeshActor Name:StaticMeshActor_4 Label:SM_Cube6 SpatiallyLoaded:1 Bounds:IsValid=true, Min=(X=6400.000 Y=100.000 Z=0.000), Max=(X=6500.000 Y=3400.000 Z=400.000) RuntimeGrid:None EditorOnly:0 RuntimeOnly:0 HLODRelevant:1 FolderPath:Playground FolderGuid:C73F09FC4215536B1DCE2A9E0A830C70
 |   |   |- [+] [ 11]
 |   |   |   |- Guid:A56216954B2165CF0F35A886B537D536 BaseClass: NativeClass:/Script/Engine.StaticMeshActor Name:StaticMeshActor_0 Label:SM_Cube5 SpatiallyLoaded:1 Bounds:IsValid=true, Min=(X=-0.000 Y=100.000 Z=0.000), Max=(X=100.000 Y=3400.000 Z=400.000) RuntimeGrid:None EditorOnly:0 RuntimeOnly:0 HLODRelevant:1 FolderPath:Playground FolderGuid:C73F09FC4215536B1DCE2A9E0A830C70
 |   |   |- [+] [ 12]
 |   |   |   |- Guid:DE3A079B4635A6D8D620CCBC6C0BB1C0 BaseClass: NativeClass:/Script/Engine.StaticMeshActor Name:StaticMeshActor_35 Label:SM_QuarterCylinder14 SpatiallyLoaded:1 Bounds:IsValid=true, Min=(X=2200.000 Y=500.000 Z=0.000), Max=(X=2400.000 Y=700.000 Z=100.000) RuntimeGrid:None EditorOnly:0 RuntimeOnly:0 HLODRelevant:1 FolderPath:Cylinder FolderGuid:D075E5BA49330D3EC2503D81A7CF88D1
 |   |   |- [+] [ 13]
 |   |   |   |- Guid:6F7C34474838432118E09292A2A66BA4 BaseClass:/Game/Enemies/Turtle/BP_Turtle.BP_Turtle_C NativeClass:/Script/Engine.Character Name:BP_Turtle_C_UAID_5811228F7DE100BB01_1389185632 Label:BP_Turtle3 SpatiallyLoaded:1 Bounds:IsValid=true, Min=(X=5370.000 Y=2233.637 Z=-19.038), Max=(X=5470.000 Y=2512.541 Z=188.000) RuntimeGrid:None EditorOnly:0 RuntimeOnly:0 HLODRelevant:0
 |   |   |- [+] [ 14]
 |   |   |   |- Guid:6BAF4DDD444C60371492D3919DB42C97 BaseClass: NativeClass:/Script/Engine.WorldDataLayers Name:WorldDataLayers Label:WorldDataLayers SpatiallyLoaded:0 Bounds:IsValid=true, Min=(X=0.000 Y=0.000 Z=0.000), Max=(X=0.000 Y=0.000 Z=0.000) RuntimeGrid:None EditorOnly:0 RuntimeOnly:0 HLODRelevant:0
 |   |   |- [+] [ 15]
 |   |   |   |- Guid:325B686145575F53A7050A91630891A9 BaseClass: NativeClass:/Script/NavigationSystem.NavMeshBoundsVolume Name:NavMeshBoundsVolume_UAID_C8D9D2230D043FC301_1130566167 Label:NavMeshBoundsVolume2 SpatiallyLoaded:0 Bounds:IsValid=true, Min=(X=138.047 Y=-95.000 Z=-10.000), Max=(X=2661.953 Y=3555.000 Z=190.000) RuntimeGrid:None EditorOnly:0 RuntimeOnly:0 HLODRelevant:0
 |   |   |- [+] [ 16]
 |   |   |   |- Guid:BC08B79C4EA3C961CFF75EBBE83B367D BaseClass: NativeClass:/Script/Engine.StaticMeshActor Name:StaticMeshActor_5 Label:SM_Cube2 SpatiallyLoaded:1 Bounds:IsValid=true, Min=(X=0.000 Y=0.000 Z=0.000), Max=(X=6500.000 Y=100.000 Z=400.000) RuntimeGrid:None EditorOnly:0 RuntimeOnly:0 HLODRelevant:1 FolderPath:Playground FolderGuid:C73F09FC4215536B1DCE2A9E0A830C70
 |   |   |- [+] [ 17]
 |   |   |   |- Guid:4A02D22F4079C7BAC59C8E8AC1CA6044 BaseClass: NativeClass:/Script/Engine.StaticMeshActor Name:StaticMeshActor_UAID_5811228F7DE14DC201_1791962591 Label:Cylinder3 SpatiallyLoaded:1 Bounds:IsValid=true, Min=(X=4720.000 Y=1880.000 Z=0.000), Max=(X=4820.000 Y=1980.000 Z=200.000) RuntimeGrid:None EditorOnly:0 RuntimeOnly:0 HLODRelevant:0
 |   |   |- [+] [ 18]
 |   |   |   |- Guid:8357E1114429C65A1A79159C22C06689 BaseClass: NativeClass:/Script/Engine.StaticMeshActor Name:StaticMeshActor_UAID_5811228F7DE10CBB01_1382464744 Label:Cylinder SpatiallyLoaded:1 Bounds:IsValid=true, Min=(X=4570.000 Y=1450.000 Z=0.000), Max=(X=4570.000 Y=1450.000 Z=0.000) RuntimeGrid:None EditorOnly:0 RuntimeOnly:0 HLODRelevant:0
 |   |   |- [+] [ 19]
 |   |   |   |- Guid:BEC0A0D44F39C63B6CCB13BC32B7863B BaseClass: NativeClass:/Script/Engine.StaticMeshActor Name:StaticMeshActor_UAID_5811228F7DE14DC201_1718658587 Label:Cylinder19 SpatiallyLoaded:1 Bounds:IsValid=true, Min=(X=3850.000 Y=770.000 Z=0.000), Max=(X=3950.000 Y=870.000 Z=200.000) RuntimeGrid:None EditorOnly:0 RuntimeOnly:0 HLODRelevant:0
 |   |   |- [+] [ 20]
 |   |   |   |- Guid:555DC5334FB478DEDDC718B3DB947032 BaseClass:/Game/Enemies/Turtle/BP_Turtle.BP_Turtle_C NativeClass:/Script/Engine.Character Name:BP_Turtle_C_UAID_C8D9D2230D04BDB501_1622281565 Label:BP_Turtle SpatiallyLoaded:1 Bounds:IsValid=true, Min=(X=5370.000 Y=1603.637 Z=-19.038), Max=(X=5470.000 Y=1882.541 Z=188.000) RuntimeGrid:None EditorOnly:0 RuntimeOnly:0 HLODRelevant:0
 |   |   |- [+] [ 21]
 |   |   |   |- Guid:3A185E8D48EE3EBB5C25548436A807C9 BaseClass: NativeClass:/Script/Engine.StaticMeshActor Name:StaticMeshActor_UAID_5811228F7DE14DC201_1679502584 Label:Cylinder16 SpatiallyLoaded:1 Bounds:IsValid=true, Min=(X=4600.000 Y=2490.000 Z=0.000), Max=(X=4700.000 Y=2590.000 Z=200.000) RuntimeGrid:None EditorOnly:0 RuntimeOnly:0 HLODRelevant:0
 |   |   |- [+] [ 22]
 |   |   |   |- Guid:400726F14C27F45FC807129E2D2563E1 BaseClass:/Game/Enemies/Turtle/BP_Turtle.BP_Turtle_C NativeClass:/Script/Engine.Character Name:BP_Turtle_C_UAID_5811228F7DE100BB01_1386946631 Label:BP_Turtle2 SpatiallyLoaded:1 Bounds:IsValid=true, Min=(X=5380.000 Y=1973.637 Z=-19.038), Max=(X=5480.000 Y=2252.541 Z=188.000) RuntimeGrid:None EditorOnly:0 RuntimeOnly:0 HLODRelevant:0
 |   |   |- [+] [ 23]
 |   |   |   |- Guid:933952FF464B492655A175863B02A160 BaseClass:/Game/Enemies/Turtle/BP_Turtle.BP_Turtle_C NativeClass:/Script/Engine.Character Name:BP_Turtle_C_UAID_5811228F7DE103BB01_1211548166 Label:BP_Turtle9 SpatiallyLoaded:1 Bounds:IsValid=true, Min=(X=5590.000 Y=553.637 Z=-19.038), Max=(X=5690.000 Y=832.541 Z=188.000) RuntimeGrid:None EditorOnly:0 RuntimeOnly:0 HLODRelevant:0
 |   |   |- [+] [ 24]
 |   |   |   |- Guid:D55E5A2F4825425041D164AAFB3809AE BaseClass: NativeClass:/Script/Engine.StaticMeshActor Name:StaticMeshActor_UAID_5811228F7DE14DC201_1794495592 Label:Cylinder4 SpatiallyLoaded:1 Bounds:IsValid=true, Min=(X=3670.000 Y=2210.000 Z=0.000), Max=(X=3770.000 Y=2310.000 Z=200.000) RuntimeGrid:None EditorOnly:0 RuntimeOnly:0 HLODRelevant:0
 |   |   |- [+] [ 25]
 |   |   |   |- Guid:3764F48C4C46E0427EDFAB82C2724C3D BaseClass: NativeClass:/Script/Engine.StaticMeshActor Name:StaticMeshActor_UAID_C8D9D2230D04BBB501_1447557208 Label:SM_Cube8 SpatiallyLoaded:1 Bounds:IsValid=true, Min=(X=2900.000 Y=1900.000 Z=0.000), Max=(X=3000.000 Y=3400.000 Z=400.000) RuntimeGrid:None EditorOnly:0 RuntimeOnly:0 HLODRelevant:1 FolderPath:Playground FolderGuid:C73F09FC4215536B1DCE2A9E0A830C70
 |   |   |- [+] [ 26]
 |   |   |   |- Guid:EC4E0C944CE6AC6E784BC6BB2916EA13 BaseClass: NativeClass:/Script/Engine.StaticMeshActor Name:StaticMeshActor_UAID_A4AE111137DC5EFB00_1110535423 Label:SM_SkySphere SpatiallyLoaded:0 Bounds:IsValid=true, Min=(X=-1638400.000 Y=-1638400.000 Z=-1638400.000), Max=(X=1638400.000 Y=1638400.000 Z=1638400.000) RuntimeGrid:None EditorOnly:0 RuntimeOnly:0 HLODRelevant:1 FolderPath:Lighting FolderGuid:963EC3EB4002CCE9759E2EBA541A873A
 |   |   |- [+] [ 27]
 |   |   |   |- Guid:0FAC87A14C335BAB10D94E9C0D4D6453 BaseClass: NativeClass:/Script/Engine.StaticMeshActor Name:StaticMeshActor_UAID_5811228F7DE14DC201_1622558579 Label:SM_SkySphere2 SpatiallyLoaded:0 Bounds:IsValid=true, Min=(X=-1638390.000 Y=-1638390.000 Z=-1638400.000), Max=(X=1638410.000 Y=1638410.000 Z=1638400.000) RuntimeGrid:None EditorOnly:0 RuntimeOnly:0 HLODRelevant:1 FolderPath:Lighting FolderGuid:963EC3EB4002CCE9759E2EBA541A873A
 |   |   |- [+] [ 28]
 |   |   |   |- Guid:FF698C67459ADB4982D7759C0905EE9F BaseClass: NativeClass:/Script/Engine.StaticMeshActor Name:StaticMeshActor_6 Label:SM_Cube3 SpatiallyLoaded:1 Bounds:IsValid=true, Min=(X=0.000 Y=3400.000 Z=0.000), Max=(X=6500.000 Y=3500.000 Z=400.000) RuntimeGrid:None EditorOnly:0 RuntimeOnly:0 HLODRelevant:1 FolderPath:Playground FolderGuid:C73F09FC4215536B1DCE2A9E0A830C70
 |   |   |- [+] [ 29]
 |   |   |   |- Guid:F5E3FEB3450C49844FD93DA8E083C8AD BaseClass: NativeClass:/Script/Engine.PostProcessVolume Name:PostProcessVolume_0 Label:PostProcessVolume SpatiallyLoaded:0 Bounds:IsValid=true, Min=(X=0.000 Y=0.000 Z=400.000), Max=(X=200.000 Y=200.000 Z=600.000) RuntimeGrid:None EditorOnly:0 RuntimeOnly:0 HLODRelevant:0 FolderPath:Lighting FolderGuid:963EC3EB4002CCE9759E2EBA541A873A
 |   |   |- [+] [ 30]
 |   |   |   |- Guid:C07B6FE04202A93F53343F88A65310AB BaseClass:/Game/Enemies/Turtle/BP_Turtle.BP_Turtle_C NativeClass:/Script/Engine.Character Name:BP_Turtle_C_UAID_10E7C644B13595C301_1770407305 Label:BP_Turtle6 SpatiallyLoaded:1 Bounds:IsValid=true, Min=(X=5480.000 Y=2647.459 Z=-7.038), Max=(X=5580.000 Y=2926.363 Z=200.000) RuntimeGrid:None EditorOnly:0 RuntimeOnly:0 HLODRelevant:0
 |   |   |- [+] [ 31]
 |   |   |   |- Guid:5B97F4A64FB21F77EFC44386BF705B4C BaseClass: NativeClass:/Script/Engine.TextRenderActor Name:TextRenderActor_1 Label:TextRenderActor SpatiallyLoaded:1 Bounds:IsValid=true, Min=(X=-0.100 Y=1100.000 Z=65.013), Max=(X=-0.100 Y=2392.308 Z=215.013) RuntimeGrid:None EditorOnly:0 RuntimeOnly:0 HLODRelevant:0
 |   |   |- [+] [ 32]
 |   |   |   |- Guid:C9F17BD54250735B6293F09B89D1DC0E BaseClass: NativeClass:/Script/Engine.StaticMeshActor Name:StaticMeshActor_UAID_5811228F7DE14DC201_1800659595 Label:Cylinder7 SpatiallyLoaded:1 Bounds:IsValid=true, Min=(X=5220.000 Y=1380.000 Z=0.000), Max=(X=5320.000 Y=1480.000 Z=200.000) RuntimeGrid:None EditorOnly:0 RuntimeOnly:0 HLODRelevant:0
 |   |   |- [+] [ 33]
 |   |   |   |- Guid:B133E158403C48826A5AE891A083D6EF BaseClass:/Game/Items/Skills/Parentss/BP_PickupSkill.BP_PickupSkill_C NativeClass:/Script/Engine.Actor Name:BP_PickupSkill_C_UAID_5811228F7DE105C201_1919275907 Label:BP_PickupSkill4 SpatiallyLoaded:1 Bounds:IsValid=true, Min=(X=790.000 Y=660.000 Z=0.000), Max=(X=950.000 Y=820.000 Z=100.000) RuntimeGrid:None EditorOnly:0 RuntimeOnly:0 HLODRelevant:0
 |   |   |- [+] [ 34]
 |   |   |   |- Guid:94F91B6F4DD673D514C6B3B7F08B5486 BaseClass:/Game/Items/Skills/Parentss/BP_PickupSkill.BP_PickupSkill_C NativeClass:/Script/Engine.Actor Name:BP_PickupSkill_C_UAID_5811228F7DE105C201_1917309906 Label:BP_PickupSkill3 SpatiallyLoaded:1 Bounds:IsValid=true, Min=(X=900.000 Y=830.000 Z=0.000), Max=(X=1060.000 Y=990.000 Z=100.000) RuntimeGrid:None EditorOnly:0 RuntimeOnly:0 HLODRelevant:0
 |   |   |- [+] [ 35]
 |   |   |   |- Guid:7C172A0740B33B6D38EEF38A63E0B945 BaseClass: NativeClass:/Script/Engine.StaticMeshActor Name:StaticMeshActor_3 Label:SM_Ramp SpatiallyLoaded:1 Bounds:IsValid=true, Min=(X=1505.000 Y=600.000 Z=0.000), Max=(X=2030.000 Y=800.000 Z=98.451) RuntimeGrid:None EditorOnly:0 RuntimeOnly:0 HLODRelevant:1
 |   |   |- [+] [ 36]
 |   |   |   |- Guid:E39FBFC0408572E7B257F4854A753D38 BaseClass:/Game/Enemies/Turtle/BP_Turtle.BP_Turtle_C NativeClass:/Script/Engine.Character Name:BP_Turtle_C_UAID_10E7C644B13595C301_1767763304 Label:BP_Turtle5 SpatiallyLoaded:1 Bounds:IsValid=true, Min=(X=5380.000 Y=2587.459 Z=-7.038), Max=(X=5480.000 Y=2866.363 Z=200.000) RuntimeGrid:None EditorOnly:0 RuntimeOnly:0 HLODRelevant:0
 |   |   |- [+] [ 37]
 |   |   |   |- Guid:15B7659B4F6ACC1C29CC519B22546F72 BaseClass: NativeClass:/Script/Engine.StaticMeshActor Name:StaticMeshActor_UAID_5811228F7DE14DC201_1645755581 Label:SM_SkySphere4 SpatiallyLoaded:0 Bounds:IsValid=true, Min=(X=-1638390.000 Y=-1638390.000 Z=-1638400.000), Max=(X=1638410.000 Y=1638410.000 Z=1638400.000) RuntimeGrid:None EditorOnly:0 RuntimeOnly:0 HLODRelevant:1 FolderPath:Lighting FolderGuid:963EC3EB4002CCE9759E2EBA541A873A
 |   |   |- [+] [ 38]
 |   |   |   |- Guid:76739A4245B96BA941B97CA71A7DABBE BaseClass:/Game/Items/Skills/Parentss/BP_PickupSkill.BP_PickupSkill_C NativeClass:/Script/Engine.Actor Name:BP_PickupSkill_C_UAID_C8D9D21AD9BE65BA01_1919983351 Label:BP_PickupSkill SpatiallyLoaded:1 Bounds:IsValid=true, Min=(X=1030.000 Y=960.000 Z=0.000), Max=(X=1190.000 Y=1120.000 Z=100.000) RuntimeGrid:None EditorOnly:0 RuntimeOnly:0 HLODRelevant:0
 |   |   |- [+] [ 39]
 |   |   |   |- Guid:B785ED2844B84CFB91E7F39FE661CD99 BaseClass: NativeClass:/Script/Engine.DirectionalLight Name:DirectionalLight_0 Label:DirectionalLight SpatiallyLoaded:0 Bounds:IsValid=true, Min=(X=-4398046511104.000 Y=-4398046511104.000 Z=-4398046511104.000), Max=(X=4398046511104.000 Y=4398046511104.000 Z=4398046511104.000) RuntimeGrid:None EditorOnly:0 RuntimeOnly:0 HLODRelevant:0 FolderPath:Lighting FolderGuid:963EC3EB4002CCE9759E2EBA541A873A
 |   |   |- [+] [ 40]
 |   |   |   |- Guid:6C0A922246AAC72B3E425E8ADFD3153C BaseClass: NativeClass:/Script/Engine.StaticMeshActor Name:StaticMeshActor_UAID_5811228F7DE14DC201_1671446583 Label:Cylinder15 SpatiallyLoaded:1 Bounds:IsValid=true, Min=(X=4860.000 Y=1030.000 Z=0.000), Max=(X=4960.000 Y=1130.000 Z=200.000) RuntimeGrid:None EditorOnly:0 RuntimeOnly:0 HLODRelevant:0
 |   |   |- [+] [ 41]
 |   |   |   |- Guid:74CF56AD4A234AF4246FA3971D7E6048 BaseClass:/Game/Enemies/Turtle/BP_Turtle.BP_Turtle_C NativeClass:/Script/Engine.Character Name:BP_Turtle_C_UAID_5811228F7DE100BB01_1390496633 Label:BP_Turtle4 SpatiallyLoaded:1 Bounds:IsValid=true, Min=(X=5410.000 Y=2473.637 Z=-19.038), Max=(X=5510.000 Y=2752.541 Z=188.000) RuntimeGrid:None EditorOnly:0 RuntimeOnly:0 HLODRelevant:0
 |   |   |- [+] [ 42]
 |   |   |   |- Guid:701F139C45EE29FEB241C08F2BF17667 BaseClass: NativeClass:/Script/Engine.StaticMeshActor Name:StaticMeshActor_UAID_5811228F7DE14DC201_1765510589 Label:Cylinder21 SpatiallyLoaded:1 Bounds:IsValid=true, Min=(X=4220.000 Y=1330.000 Z=0.000), Max=(X=4320.000 Y=1430.000 Z=200.000) RuntimeGrid:None EditorOnly:0 RuntimeOnly:0 HLODRelevant:0
 |   |   |- [+] [ 43]
 |   |   |   |- Guid:85648BD34B31687688954BB4DF71A393 BaseClass: NativeClass:/Script/Engine.StaticMeshActor Name:StaticMeshActor_UAID_5811228F7DE14DC201_1757020588 Label:Cylinder20 SpatiallyLoaded:1 Bounds:IsValid=true, Min=(X=4210.000 Y=1050.000 Z=0.000), Max=(X=4310.000 Y=1150.000 Z=200.000) RuntimeGrid:None EditorOnly:0 RuntimeOnly:0 HLODRelevant:0
 |   |   |- [+] [ 44]
 |   |   |   |- Guid:8BC95BB843DBDF2CFF99749F9633A12A BaseClass: NativeClass:/Script/Engine.StaticMeshActor Name:StaticMeshActor_UAID_5811228F7DE14DC201_1798880594 Label:Cylinder6 SpatiallyLoaded:1 Bounds:IsValid=true, Min=(X=5580.000 Y=2510.000 Z=0.000), Max=(X=5680.000 Y=2610.000 Z=200.000) RuntimeGrid:None EditorOnly:0 RuntimeOnly:0 HLODRelevant:0
 |   |   |- [+] [ 45]
 |   |   |   |- Guid:AA2DEA5D4403ADBC66994CB9FAAA6637 BaseClass:/Game/Enemies/Turtle/BP_Turtle.BP_Turtle_C NativeClass:/Script/Engine.Character Name:BP_Turtle_C_UAID_5811228F7DE103BB01_1206194165 Label:BP_Turtle8 SpatiallyLoaded:1 Bounds:IsValid=true, Min=(X=5580.000 Y=843.637 Z=-19.038), Max=(X=5680.000 Y=1122.541 Z=188.000) RuntimeGrid:None EditorOnly:0 RuntimeOnly:0 HLODRelevant:0
 |   |   |- [+] [ 46]
 |   |   |   |- Guid:CCFF262C46EEFFDF319E7F9539CE697E BaseClass: NativeClass:/Script/Engine.SkyAtmosphere Name:SkyAtmosphere_0 Label:SkyAtmosphere SpatiallyLoaded:0 Bounds:IsValid=true, Min=(X=0.000 Y=0.000 Z=1020.000), Max=(X=0.000 Y=0.000 Z=1020.000) RuntimeGrid:None EditorOnly:0 RuntimeOnly:0 HLODRelevant:0 FolderPath:Lighting FolderGuid:963EC3EB4002CCE9759E2EBA541A873A
 |   |   |- [+] [ 47]
 |   |   |   |- Guid:4D3BE93F4146AAAC8BBE79999D96D57F BaseClass: NativeClass:/Script/Engine.VolumetricCloud Name:VolumetricCloud_0 Label:VolumetricCloud SpatiallyLoaded:0 Bounds:IsValid=true, Min=(X=0.000 Y=0.000 Z=820.000), Max=(X=0.000 Y=0.000 Z=820.000) RuntimeGrid:None EditorOnly:0 RuntimeOnly:0 HLODRelevant:0 FolderPath:Lighting FolderGuid:963EC3EB4002CCE9759E2EBA541A873A
 |   |   |- [+] [ 48]
 |   |   |   |- Guid:AC5A6DC74A5257623779C8B81A38BB88 BaseClass: NativeClass:/Script/Engine.StaticMeshActor Name:StaticMeshActor_UAID_5811228F7DE14DC201_1796518593 Label:Cylinder5 SpatiallyLoaded:1 Bounds:IsValid=true, Min=(X=4130.000 Y=2660.000 Z=0.000), Max=(X=4230.000 Y=2760.000 Z=200.000) RuntimeGrid:None EditorOnly:0 RuntimeOnly:0 HLODRelevant:0
 |   |   |- [+] [ 49]
 |   |   |   |- Guid:316CF2A6494ACA4C0E4180A87D36AB8F BaseClass: NativeClass:/Script/Engine.ExponentialHeightFog Name:ExponentialHeightFog_0 Label:ExponentialHeightFog SpatiallyLoaded:0 Bounds:IsValid=true, Min=(X=-5600.000 Y=-50.000 Z=-6850.000), Max=(X=-5600.000 Y=-50.000 Z=-6850.000) RuntimeGrid:None EditorOnly:0 RuntimeOnly:0 HLODRelevant:0 FolderPath:Lighting FolderGuid:963EC3EB4002CCE9759E2EBA541A873A
 |   |   |- [+] [ 50]
 |   |   |   |- Guid:2CC3EB8F436403632EF96CB9E3DA488C BaseClass: NativeClass:/Script/Engine.StaticMeshActor Name:StaticMeshActor_UAID_5811228F7DE14DC201_1688701585 Label:Cylinder17 SpatiallyLoaded:1 Bounds:IsValid=true, Min=(X=3440.000 Y=1040.000 Z=0.000), Max=(X=3540.000 Y=1140.000 Z=200.000) RuntimeGrid:None EditorOnly:0 RuntimeOnly:0 HLODRelevant:0
 |   |   |- [+] [ 51]
 |   |   |   |- Guid:4F927FB14CDCC2F0CD11C380EC85D462 BaseClass: NativeClass:/Script/Engine.StaticMeshActor Name:StaticMeshActor_UAID_5811228F7DE14DC201_1806247596 Label:Cylinder8 SpatiallyLoaded:1 Bounds:IsValid=true, Min=(X=5560.000 Y=740.000 Z=0.000), Max=(X=5660.000 Y=840.000 Z=200.000) RuntimeGrid:None EditorOnly:0 RuntimeOnly:0 HLODRelevant:0
 |   |   |- [+] [ 52]
 |   |   |   |- Guid:5BF485AC4274E5035FC867A0766B7A4C BaseClass: NativeClass:/Script/Engine.StaticMeshActor Name:StaticMeshActor_UAID_5811228F7DE14DC201_1788239590 Label:Cylinder2 SpatiallyLoaded:1 Bounds:IsValid=true, Min=(X=5680.000 Y=1720.000 Z=0.000), Max=(X=5780.000 Y=1820.000 Z=200.000) RuntimeGrid:None EditorOnly:0 RuntimeOnly:0 HLODRelevant:0
 |   |   |- [+] [ 53]
 |   |   |   |- Guid:41062DCF48B5B8A4A935F4B1BC8F26C1 BaseClass: NativeClass:/Script/Engine.StaticMeshActor Name:StaticMeshActor_UAID_5811228F7DE14DC201_1668319582 Label:Cylinder14 SpatiallyLoaded:1 Bounds:IsValid=true, Min=(X=4440.000 Y=1420.000 Z=0.000), Max=(X=4540.000 Y=1520.000 Z=200.000) RuntimeGrid:None EditorOnly:0 RuntimeOnly:0 HLODRelevant:0
 |   |   |- [+] [ 54]
 |   |   |   |- Guid:2E465FD64E6DD053292653B03CB0A85A BaseClass: NativeClass:/Script/Engine.StaticMeshActor Name:StaticMeshActor_UAID_C8D9D2230D04BBB501_1416397207 Label:SM_Cube7 SpatiallyLoaded:1 Bounds:IsValid=true, Min=(X=2900.000 Y=100.000 Z=0.000), Max=(X=3000.000 Y=1600.000 Z=400.000) RuntimeGrid:None EditorOnly:0 RuntimeOnly:0 HLODRelevant:1 FolderPath:Playground FolderGuid:C73F09FC4215536B1DCE2A9E0A830C70
 |   |   |- [+] [ 55]
 |   |   |   |- Guid:84EA47B348A62C34AEF3319483AE7D5A BaseClass:/Game/Items/Rings/Parents/BP_PickupRing.BP_PickupRing_C NativeClass:/Script/Engine.Actor Name:BP_PickupRing_C_UAID_C8D9D21AD9BE66BA01_1733537529 Label:BP_PickupRing SpatiallyLoaded:1 Bounds:IsValid=true, Min=(X=1230.000 Y=790.000 Z=0.000), Max=(X=1390.000 Y=950.000 Z=100.000) RuntimeGrid:None EditorOnly:0 RuntimeOnly:0 HLODRelevant:0
 |   |   |- [+] [ 56]
 |   |   |   |- Guid:94F6D9A645798F5BAD0B58BEED8F27F5 BaseClass: NativeClass:/Script/Engine.StaticMeshActor Name:StaticMeshActor_32 Label:SM_QuarterCylinder11 SpatiallyLoaded:1 Bounds:IsValid=true, Min=(X=2200.000 Y=700.000 Z=-0.000), Max=(X=2400.000 Y=900.000 Z=100.000) RuntimeGrid:None EditorOnly:0 RuntimeOnly:0 HLODRelevant:1 FolderPath:Cylinder FolderGuid:D075E5BA49330D3EC2503D81A7CF88D1
 |   |   |- [+] [ 57]
 |   |   |   |- Guid:5E4DB4154690C8B4EB14EAA9E92FAAFF BaseClass: NativeClass:/Script/Engine.StaticMeshActor Name:StaticMeshActor_33 Label:SM_QuarterCylinder12 SpatiallyLoaded:1 Bounds:IsValid=true, Min=(X=2000.000 Y=700.000 Z=0.000), Max=(X=2200.000 Y=900.000 Z=100.000) RuntimeGrid:None EditorOnly:0 RuntimeOnly:0 HLODRelevant:1 FolderPath:Cylinder FolderGuid:D075E5BA49330D3EC2503D81A7CF88D1
 |   |   |- [+] [ 58]
 |   |   |   |- Guid:6B4A11514A83E2A3681AD1BDC2372163 BaseClass:/Game/Enemies/Turtle/BP_Turtle.BP_Turtle_C NativeClass:/Script/Engine.Character Name:BP_Turtle_C_UAID_C8D9D2230D042CC301_2093974823 Label:BP_Turtle10 SpatiallyLoaded:1 Bounds:IsValid=true, Min=(X=1490.000 Y=1983.637 Z=-19.038), Max=(X=1590.000 Y=2262.541 Z=188.000) RuntimeGrid:None EditorOnly:0 RuntimeOnly:0 HLODRelevant:0
 |   |   |- [+] [ 59]
 |   |   |   |- Guid:4F54BE244A701720FF252CA7352A4080 BaseClass: NativeClass:/Script/Engine.StaticMeshActor Name:StaticMeshActor_UAID_5811228F7DE14DC201_1707129586 Label:Cylinder18 SpatiallyLoaded:1 Bounds:IsValid=true, Min=(X=3740.000 Y=1450.000 Z=0.000), Max=(X=3840.000 Y=1550.000 Z=200.000) RuntimeGrid:None EditorOnly:0 RuntimeOnly:0 HLODRelevant:0
 |- ContainerInstances:
 |- [+] MainContainer:
 |   |-        ID: 0x0000000000000000
 |   |-    Bounds: IsValid=false, Min=(X=0.000 Y=0.000 Z=0.000), Max=(X=0.000 Y=0.000 Z=0.000)
 |   |- Transform: 0.000000,0.000000,0.000000|0.000000,0.000000,-0.000000|1.000000,1.000000,1.000000
 |   |- Container: /Game/Maps/Sandbox
----------------------------------------------------------------------------------------------------------------
Sandbox - Persistent Level
----------------------------------------------------------------------------------------------------------------
Always loaded Actor Count: 73 

----------------------------------------------------------------------------------------------------------------
Sandbox - Runtime Spatial Hash - Streaming Grid - MainGrid
----------------------------------------------------------------------------------------------------------------
            Origin: X=0.000 Y=0.000 Z=0.000
         Cell Size: 12800
      World Bounds: IsValid=false, Min=(X=0.000 Y=0.000 Z=0.000), Max=(X=0.000 Y=0.000 Z=0.000)
     Loading Range: 25600.00
Block Slow Loading: No
 ClientOnlyVisible: No

[+] Grid Levels: 1
 |- Level  0: Cell Count    0 | Cell Size   12800 | Actor Count    0 (0.0%)

[+] Content of Grid Level 0

